#
# There is insufficient memory for the Java Runtime Environment to continue.
# Native memory allocation (malloc) failed to allocate 32744 bytes for ChunkPool::allocate
# Possible reasons:
#   The system is out of physical RAM or swap space
#   The process is running with CompressedOops enabled, and the Java Heap may be blocking the growth of the native heap
# Possible solutions:
#   Reduce memory load on the system
#   Increase physical memory or swap space
#   Check if swap backing store is full
#   Decrease Java heap size (-Xmx/-Xms)
#   Decrease number of Java threads
#   Decrease Java thread stack sizes (-Xss)
#   Set larger code cache with -XX:ReservedCodeCacheSize=
#   JVM is running with Unscaled Compressed Oops mode in which the Java heap is
#     placed in the first 4GB address space. The Java Heap base address is the
#     maximum limit for the native heap growth. Please use -XX:HeapBaseMinAddress
#     to set the Java Heap base and to place the Java Heap above 4GB virtual address.
# This output file may be truncated or incomplete.
#
#  Out of Memory Error (./src/hotspot/share/memory/arena.cpp:81), pid=29244, tid=27896
#
# JRE version: OpenJDK Runtime Environment (11.0.11+9) (build 11.0.11+9-b60-7590822)
# Java VM: OpenJDK 64-Bit Server VM (11.0.11+9-b60-7590822, mixed mode, tiered, compressed oops, g1 gc, windows-amd64)
# No core dump will be written. Minidumps are not enabled by default on client versions of Windows
#

---------------  S U M M A R Y ------------

Command Line: --add-opens=java.base/java.util=ALL-UNNAMED --add-opens=java.base/java.lang=ALL-UNNAMED --add-opens=java.base/java.lang.invoke=ALL-UNNAMED --add-opens=java.base/java.util=ALL-UNNAMED --add-opens=java.prefs/java.util.prefs=ALL-UNNAMED --add-opens=java.prefs/java.util.prefs=ALL-UNNAMED --add-opens=java.base/java.nio.charset=ALL-UNNAMED --add-opens=java.base/java.net=ALL-UNNAMED --add-opens=java.base/java.util.concurrent.atomic=ALL-UNNAMED -Xmx2048m -Dfile.encoding=UTF-8 -Duser.country=US -Duser.language=en -Duser.variant org.gradle.launcher.daemon.bootstrap.GradleDaemon 7.2

Host: Intel(R) Core(TM) i5-8400 CPU @ 2.80GHz, 6 cores, 7G,  Windows 10 , 64 bit Build 19041 (10.0.19041.1889)
Time: Wed Nov  2 21:49:34 2022 Central Daylight Time elapsed time: 212.968469 seconds (0d 0h 3m 32s)

---------------  T H R E A D  ---------------

Current thread (0x00000264ce14c000):  JavaThread "C2 CompilerThread0" daemon [_thread_in_native, id=27896, stack(0x000000aa1a700000,0x000000aa1a800000)]


Current CompileTask:
C2: 212968 21301   !   4       java.util.Formatter::format (280 bytes)

Stack: [0x000000aa1a700000,0x000000aa1a800000]
Native frames: (J=compiled Java code, j=interpreted, Vv=VM code, C=native code)
V  [jvm.dll+0x5f214a]
V  [jvm.dll+0x726fb5]
V  [jvm.dll+0x7285cd]
V  [jvm.dll+0x728c83]
V  [jvm.dll+0x243278]
V  [jvm.dll+0xbc78b]
V  [jvm.dll+0xbca3c]
V  [jvm.dll+0xbc638]
V  [jvm.dll+0x5d13f6]
V  [jvm.dll+0x5d01ee]
V  [jvm.dll+0x5897b5]
V  [jvm.dll+0x588e45]
V  [jvm.dll+0x589e58]
V  [jvm.dll+0x588a4e]
V  [jvm.dll+0x1fc082]
V  [jvm.dll+0x1fb3d4]
V  [jvm.dll+0x183d6c]
V  [jvm.dll+0x209a57]
V  [jvm.dll+0x2082a1]
V  [jvm.dll+0x6ef58f]
V  [jvm.dll+0x6e80b5]
V  [jvm.dll+0x5f1036]
C  [ucrtbase.dll+0x21bb2]
C  [KERNEL32.DLL+0x17034]
C  [ntdll.dll+0x526a1]


---------------  P R O C E S S  ---------------

Threads class SMR info:
_java_thread_list=0x00000264d6a838f0, length=108, elements={
0x00000264b40f5800, 0x00000264ce12d000, 0x00000264ce136000, 0x00000264ce145000,
0x00000264ce146000, 0x00000264ce14b000, 0x00000264ce14c000, 0x00000264ce158000,
0x00000264ce15e800, 0x00000264cebfa000, 0x00000264d00d9000, 0x00000264d04c6000,
0x00000264d09cb000, 0x00000264d0a7c800, 0x00000264d0a7b000, 0x00000264d0a77800,
0x00000264d0a7c000, 0x00000264d0a78800, 0x00000264d0a79800, 0x00000264d0a7a000,
0x00000264d1732000, 0x00000264d1738000, 0x00000264d1734800, 0x00000264d1734000,
0x00000264d1736800, 0x00000264d173b000, 0x00000264ceb55000, 0x00000264ceb55800,
0x00000264ceb56800, 0x00000264ceb5c000, 0x00000264ceb59000, 0x00000264ceb5b800,
0x00000264ceb5a800, 0x00000264ceb5a000, 0x00000264ceb57800, 0x00000264ceb58000,
0x00000264ceb5e800, 0x00000264ceb63000, 0x00000264ceb63800, 0x00000264d1735800,
0x00000264d1739000, 0x00000264d173c000, 0x00000264d1739800, 0x00000264d1737000,
0x00000264d1741000, 0x00000264d173d000, 0x00000264d173d800, 0x00000264d1740000,
0x00000264d173e800, 0x00000264d0a7d800, 0x00000264d0a7e800, 0x00000264d15ca000,
0x00000264d15cc000, 0x00000264d15cb000, 0x00000264d15d1800, 0x00000264d15d0000,
0x00000264d15cd800, 0x00000264d15ce000, 0x00000264d15cc800, 0x00000264d15d2800,
0x00000264d15cf000, 0x00000264d15d0800, 0x00000264d15d4000, 0x00000264d15d5000,
0x00000264d15d7000, 0x00000264d15d9000, 0x00000264d15d5800, 0x00000264d15d6800,
0x00000264d15d8000, 0x00000264d15d3000, 0x00000264d0c72000, 0x00000264d0c70800,
0x00000264d0c6c800, 0x00000264d0c6d000, 0x00000264d0c71000, 0x00000264d0c6f800,
0x00000264d0c73000, 0x00000264d0c73800, 0x00000264d0c6e000, 0x00000264d0c74800,
0x00000264d0c6f000, 0x00000264d0c7b000, 0x00000264d0c76000, 0x00000264d0c75800,
0x00000264d0c7a000, 0x00000264d0c77000, 0x00000264d0c77800, 0x00000264d0c78800,
0x00000264d0c79800, 0x00000264d8b6a000, 0x00000264d8b6d800, 0x00000264d8b6c800,
0x00000264d8b6f000, 0x00000264d8b69000, 0x00000264d8b6f800, 0x00000264d8b6b800,
0x00000264d8b6e000, 0x00000264d8b70800, 0x00000264d8b6b000, 0x00000264d8b75800,
0x00000264d8b71800, 0x00000264d8b78000, 0x00000264d8b73000, 0x00000264d8b72000,
0x00000264d8b74000, 0x00000264d8b74800, 0x00000264d8b76000, 0x00000264d9184800
}

Java Threads: ( => current thread )
  0x00000264b40f5800 JavaThread "main" [_thread_blocked, id=30312, stack(0x000000aa19b00000,0x000000aa19c00000)]
  0x00000264ce12d000 JavaThread "Reference Handler" daemon [_thread_blocked, id=28640, stack(0x000000aa1a200000,0x000000aa1a300000)]
  0x00000264ce136000 JavaThread "Finalizer" daemon [_thread_blocked, id=1552, stack(0x000000aa1a300000,0x000000aa1a400000)]
  0x00000264ce145000 JavaThread "Signal Dispatcher" daemon [_thread_blocked, id=34576, stack(0x000000aa1a400000,0x000000aa1a500000)]
  0x00000264ce146000 JavaThread "Attach Listener" daemon [_thread_blocked, id=4164, stack(0x000000aa1a500000,0x000000aa1a600000)]
  0x00000264ce14b000 JavaThread "Service Thread" daemon [_thread_blocked, id=26844, stack(0x000000aa1a600000,0x000000aa1a700000)]
=>0x00000264ce14c000 JavaThread "C2 CompilerThread0" daemon [_thread_in_native, id=27896, stack(0x000000aa1a700000,0x000000aa1a800000)]
  0x00000264ce158000 JavaThread "C1 CompilerThread0" daemon [_thread_blocked, id=29772, stack(0x000000aa1a800000,0x000000aa1a900000)]
  0x00000264ce15e800 JavaThread "Sweeper thread" daemon [_thread_blocked, id=25544, stack(0x000000aa1a900000,0x000000aa1aa00000)]
  0x00000264cebfa000 JavaThread "Common-Cleaner" daemon [_thread_blocked, id=11408, stack(0x000000aa1aa00000,0x000000aa1ab00000)]
  0x00000264d00d9000 JavaThread "Daemon health stats" [_thread_blocked, id=20452, stack(0x000000aa1ae00000,0x000000aa1af00000)]
  0x00000264d04c6000 JavaThread "Incoming local TCP Connector on port 61076" [_thread_in_native, id=6688, stack(0x000000aa1af00000,0x000000aa1b000000)]
  0x00000264d09cb000 JavaThread "Daemon periodic checks" [_thread_blocked, id=15232, stack(0x000000aa1b000000,0x000000aa1b100000)]
  0x00000264d0a7c800 JavaThread "Cache worker for journal cache (C:\Users\TheKoopaKing\.gradle\caches\journal-1)" [_thread_blocked, id=24040, stack(0x000000aa1bb00000,0x000000aa1bc00000)]
  0x00000264d0a7b000 JavaThread "File lock request listener" [_thread_in_native, id=32096, stack(0x000000aa1bc00000,0x000000aa1bd00000)]
  0x00000264d0a77800 JavaThread "Cache worker for file hash cache (C:\Users\TheKoopaKing\.gradle\caches\7.2\fileHashes)" [_thread_blocked, id=26900, stack(0x000000aa1be00000,0x000000aa1bf00000)]
  0x00000264d0a7c000 JavaThread "File watcher server" daemon [_thread_in_native, id=32780, stack(0x000000aa1c000000,0x000000aa1c100000)]
  0x00000264d0a78800 JavaThread "File watcher consumer" daemon [_thread_blocked, id=34416, stack(0x000000aa1c100000,0x000000aa1c200000)]
  0x00000264d0a79800 JavaThread "jar transforms" [_thread_blocked, id=23268, stack(0x000000aa1c200000,0x000000aa1c300000)]
  0x00000264d0a7a000 JavaThread "jar transforms Thread 2" [_thread_blocked, id=28716, stack(0x000000aa1c300000,0x000000aa1c400000)]
  0x00000264d1732000 JavaThread "jar transforms Thread 3" [_thread_blocked, id=23596, stack(0x000000aa1c400000,0x000000aa1c500000)]
  0x00000264d1738000 JavaThread "jar transforms Thread 4" [_thread_blocked, id=34056, stack(0x000000aa1c500000,0x000000aa1c600000)]
  0x00000264d1734800 JavaThread "jar transforms Thread 5" [_thread_blocked, id=34372, stack(0x000000aa1c600000,0x000000aa1c700000)]
  0x00000264d1734000 JavaThread "jar transforms Thread 6" [_thread_blocked, id=872, stack(0x000000aa1c700000,0x000000aa1c800000)]
  0x00000264d1736800 JavaThread "Cache worker for execution history cache (C:\Users\TheKoopaKing\.gradle\caches\7.2\executionHistory)" [_thread_blocked, id=18744, stack(0x000000aa1cb00000,0x000000aa1cc00000)]
  0x00000264d173b000 JavaThread "Cache worker for file content cache (C:\Users\TheKoopaKing\.gradle\caches\7.2\fileContent)" [_thread_blocked, id=9644, stack(0x000000aa1cc00000,0x000000aa1cd00000)]
  0x00000264ceb55000 JavaThread "Memory manager" [_thread_blocked, id=27772, stack(0x000000aa20d00000,0x000000aa20e00000)]
  0x00000264ceb55800 JavaThread "Daemon Thread 2" [_thread_blocked, id=12720, stack(0x000000aa19900000,0x000000aa19a00000)]
  0x00000264ceb56800 JavaThread "Handler for socket connection from /127.0.0.1:61076 to /127.0.0.1:61129" [_thread_in_native, id=9756, stack(0x000000aa19a00000,0x000000aa19b00000)]
  0x00000264ceb5c000 JavaThread "Cancel handler" [_thread_blocked, id=21276, stack(0x000000aa1b100000,0x000000aa1b200000)]
  0x00000264ceb59000 JavaThread "Daemon worker Thread 2" [_thread_blocked, id=3460, stack(0x000000aa1b200000,0x000000aa1b300000)]
  0x00000264ceb5b800 JavaThread "Asynchronous log dispatcher for DefaultDaemonConnection: socket connection from /127.0.0.1:61076 to /127.0.0.1:61129" [_thread_blocked, id=14212, stack(0x000000aa1b300000,0x000000aa1b400000)]
  0x00000264ceb5a800 JavaThread "Stdin handler" [_thread_blocked, id=26044, stack(0x000000aa1b400000,0x000000aa1b500000)]
  0x00000264ceb5a000 JavaThread "Daemon client event forwarder" [_thread_blocked, id=32304, stack(0x000000aa1b500000,0x000000aa1b600000)]
  0x00000264ceb57800 JavaThread "Cache worker for file hash cache (C:\Users\TheKoopaKing\Documents\GitHub\CS-422-Bby-Sitter-App\BbySitter\.gradle\7.2\fileHashes)" [_thread_blocked, id=12808, stack(0x000000aa1b600000,0x000000aa1b700000)]
  0x00000264ceb58000 JavaThread "Cache worker for checksums cache (C:\Users\TheKoopaKing\Documents\GitHub\CS-422-Bby-Sitter-App\BbySitter\.gradle\checksums)" [_thread_blocked, id=29564, stack(0x000000aa1b700000,0x000000aa1b800000)]
  0x00000264ceb5e800 JavaThread "Cache worker for cache directory md-supplier (C:\Users\TheKoopaKing\.gradle\caches\7.2\md-supplier)" [_thread_blocked, id=26800, stack(0x000000aa1bf00000,0x000000aa1c000000)]
  0x00000264ceb63000 JavaThread "Cache worker for cache directory md-rule (C:\Users\TheKoopaKing\.gradle\caches\7.2\md-rule)" [_thread_blocked, id=32712, stack(0x000000aa1c800000,0x000000aa1c900000)]
  0x00000264ceb63800 JavaThread "Cache worker for dependencies-accessors (C:\Users\TheKoopaKing\Documents\GitHub\CS-422-Bby-Sitter-App\BbySitter\.gradle\7.2\dependencies-accessors)" [_thread_blocked, id=34480, stack(0x000000aa1c900000,0x000000aa1ca00000)]
  0x00000264d1735800 JavaThread "Cache worker for Build Output Cleanup Cache (C:\Users\TheKoopaKing\Documents\GitHub\CS-422-Bby-Sitter-App\BbySitter\.gradle\buildOutputCleanup)" [_thread_blocked, id=33676, stack(0x000000aa1ca00000,0x000000aa1cb00000)]
  0x00000264d1739000 JavaThread "Unconstrained build operations" [_thread_blocked, id=2580, stack(0x000000aa1ce00000,0x000000aa1cf00000)]
  0x00000264d173c000 JavaThread "Unconstrained build operations Thread 2" [_thread_blocked, id=33564, stack(0x000000aa1cf00000,0x000000aa1d000000)]
  0x00000264d1739800 JavaThread "Unconstrained build operations Thread 3" [_thread_blocked, id=7444, stack(0x000000aa1d100000,0x000000aa1d200000)]
  0x00000264d1737000 JavaThread "Unconstrained build operations Thread 4" [_thread_blocked, id=10288, stack(0x000000aa1d200000,0x000000aa1d300000)]
  0x00000264d1741000 JavaThread "Unconstrained build operations Thread 5" [_thread_blocked, id=24168, stack(0x000000aa1d300000,0x000000aa1d400000)]
  0x00000264d173d000 JavaThread "Unconstrained build operations Thread 6" [_thread_blocked, id=20960, stack(0x000000aa1d400000,0x000000aa1d500000)]
  0x00000264d173d800 JavaThread "Unconstrained build operations Thread 7" [_thread_blocked, id=29456, stack(0x000000aa1d500000,0x000000aa1d600000)]
  0x00000264d1740000 JavaThread "Unconstrained build operations Thread 8" [_thread_blocked, id=24964, stack(0x000000aa1d600000,0x000000aa1d700000)]
  0x00000264d173e800 JavaThread "Unconstrained build operations Thread 9" [_thread_blocked, id=12708, stack(0x000000aa1d700000,0x000000aa1d800000)]
  0x00000264d0a7d800 JavaThread "Unconstrained build operations Thread 10" [_thread_blocked, id=33748, stack(0x000000aa1d800000,0x000000aa1d900000)]
  0x00000264d0a7e800 JavaThread "Unconstrained build operations Thread 11" [_thread_blocked, id=19064, stack(0x000000aa1d900000,0x000000aa1da00000)]
  0x00000264d15ca000 JavaThread "Unconstrained build operations Thread 12" [_thread_blocked, id=9740, stack(0x000000aa1da00000,0x000000aa1db00000)]
  0x00000264d15cc000 JavaThread "Unconstrained build operations Thread 13" [_thread_blocked, id=29720, stack(0x000000aa1db00000,0x000000aa1dc00000)]
  0x00000264d15cb000 JavaThread "Unconstrained build operations Thread 14" [_thread_blocked, id=29556, stack(0x000000aa1dc00000,0x000000aa1dd00000)]
  0x00000264d15d1800 JavaThread "Unconstrained build operations Thread 15" [_thread_blocked, id=28768, stack(0x000000aa1dd00000,0x000000aa1de00000)]
  0x00000264d15d0000 JavaThread "Unconstrained build operations Thread 16" [_thread_blocked, id=32292, stack(0x000000aa1de00000,0x000000aa1df00000)]
  0x00000264d15cd800 JavaThread "Unconstrained build operations Thread 17" [_thread_blocked, id=23300, stack(0x000000aa1df00000,0x000000aa1e000000)]
  0x00000264d15ce000 JavaThread "Unconstrained build operations Thread 18" [_thread_blocked, id=34604, stack(0x000000aa1e000000,0x000000aa1e100000)]
  0x00000264d15cc800 JavaThread "Unconstrained build operations Thread 19" [_thread_blocked, id=28256, stack(0x000000aa1e100000,0x000000aa1e200000)]
  0x00000264d15d2800 JavaThread "Unconstrained build operations Thread 20" [_thread_blocked, id=7084, stack(0x000000aa1e200000,0x000000aa1e300000)]
  0x00000264d15cf000 JavaThread "Unconstrained build operations Thread 21" [_thread_blocked, id=3068, stack(0x000000aa1e300000,0x000000aa1e400000)]
  0x00000264d15d0800 JavaThread "Unconstrained build operations Thread 22" [_thread_blocked, id=29512, stack(0x000000aa1e400000,0x000000aa1e500000)]
  0x00000264d15d4000 JavaThread "Unconstrained build operations Thread 23" [_thread_blocked, id=31864, stack(0x000000aa1e500000,0x000000aa1e600000)]
  0x00000264d15d5000 JavaThread "Unconstrained build operations Thread 24" [_thread_blocked, id=31572, stack(0x000000aa1e600000,0x000000aa1e700000)]
  0x00000264d15d7000 JavaThread "Unconstrained build operations Thread 25" [_thread_blocked, id=26400, stack(0x000000aa1e700000,0x000000aa1e800000)]
  0x00000264d15d9000 JavaThread "Unconstrained build operations Thread 26" [_thread_blocked, id=24032, stack(0x000000aa1e800000,0x000000aa1e900000)]
  0x00000264d15d5800 JavaThread "Unconstrained build operations Thread 27" [_thread_blocked, id=16024, stack(0x000000aa1e900000,0x000000aa1ea00000)]
  0x00000264d15d6800 JavaThread "Unconstrained build operations Thread 28" [_thread_blocked, id=34096, stack(0x000000aa1ea00000,0x000000aa1eb00000)]
  0x00000264d15d8000 JavaThread "Unconstrained build operations Thread 29" [_thread_blocked, id=32232, stack(0x000000aa1eb00000,0x000000aa1ec00000)]
  0x00000264d15d3000 JavaThread "Unconstrained build operations Thread 30" [_thread_blocked, id=9808, stack(0x000000aa1ec00000,0x000000aa1ed00000)]
  0x00000264d0c72000 JavaThread "Unconstrained build operations Thread 31" [_thread_blocked, id=34456, stack(0x000000aa1ed00000,0x000000aa1ee00000)]
  0x00000264d0c70800 JavaThread "Unconstrained build operations Thread 32" [_thread_blocked, id=31968, stack(0x000000aa1ee00000,0x000000aa1ef00000)]
  0x00000264d0c6c800 JavaThread "Unconstrained build operations Thread 33" [_thread_blocked, id=22312, stack(0x000000aa1ef00000,0x000000aa1f000000)]
  0x00000264d0c6d000 JavaThread "Unconstrained build operations Thread 34" [_thread_blocked, id=8520, stack(0x000000aa1f000000,0x000000aa1f100000)]
  0x00000264d0c71000 JavaThread "Unconstrained build operations Thread 35" [_thread_blocked, id=32368, stack(0x000000aa1f100000,0x000000aa1f200000)]
  0x00000264d0c6f800 JavaThread "Unconstrained build operations Thread 36" [_thread_blocked, id=14532, stack(0x000000aa1f200000,0x000000aa1f300000)]
  0x00000264d0c73000 JavaThread "Unconstrained build operations Thread 37" [_thread_blocked, id=27080, stack(0x000000aa1f300000,0x000000aa1f400000)]
  0x00000264d0c73800 JavaThread "Unconstrained build operations Thread 38" [_thread_blocked, id=24220, stack(0x000000aa1f400000,0x000000aa1f500000)]
  0x00000264d0c6e000 JavaThread "Unconstrained build operations Thread 39" [_thread_blocked, id=28828, stack(0x000000aa1f500000,0x000000aa1f600000)]
  0x00000264d0c74800 JavaThread "Unconstrained build operations Thread 40" [_thread_blocked, id=24708, stack(0x000000aa1f600000,0x000000aa1f700000)]
  0x00000264d0c6f000 JavaThread "Unconstrained build operations Thread 41" [_thread_blocked, id=30636, stack(0x000000aa1f700000,0x000000aa1f800000)]
  0x00000264d0c7b000 JavaThread "Unconstrained build operations Thread 42" [_thread_blocked, id=4828, stack(0x000000aa1f800000,0x000000aa1f900000)]
  0x00000264d0c76000 JavaThread "Unconstrained build operations Thread 43" [_thread_blocked, id=31676, stack(0x000000aa1f900000,0x000000aa1fa00000)]
  0x00000264d0c75800 JavaThread "Unconstrained build operations Thread 44" [_thread_blocked, id=24296, stack(0x000000aa1fa00000,0x000000aa1fb00000)]
  0x00000264d0c7a000 JavaThread "Unconstrained build operations Thread 45" [_thread_blocked, id=12944, stack(0x000000aa1fb00000,0x000000aa1fc00000)]
  0x00000264d0c77000 JavaThread "Unconstrained build operations Thread 46" [_thread_blocked, id=33944, stack(0x000000aa1fc00000,0x000000aa1fd00000)]
  0x00000264d0c77800 JavaThread "Unconstrained build operations Thread 47" [_thread_blocked, id=26356, stack(0x000000aa1fd00000,0x000000aa1fe00000)]
  0x00000264d0c78800 JavaThread "Unconstrained build operations Thread 48" [_thread_blocked, id=34804, stack(0x000000aa1fe00000,0x000000aa1ff00000)]
  0x00000264d0c79800 JavaThread "Unconstrained build operations Thread 49" [_thread_blocked, id=27904, stack(0x000000aa1ff00000,0x000000aa20000000)]
  0x00000264d8b6a000 JavaThread "Unconstrained build operations Thread 50" [_thread_blocked, id=3820, stack(0x000000aa20000000,0x000000aa20100000)]
  0x00000264d8b6d800 JavaThread "Unconstrained build operations Thread 51" [_thread_blocked, id=27992, stack(0x000000aa20100000,0x000000aa20200000)]
  0x00000264d8b6c800 JavaThread "Unconstrained build operations Thread 52" [_thread_blocked, id=29788, stack(0x000000aa20300000,0x000000aa20400000)]
  0x00000264d8b6f000 JavaThread "Unconstrained build operations Thread 53" [_thread_blocked, id=9776, stack(0x000000aa20400000,0x000000aa20500000)]
  0x00000264d8b69000 JavaThread "Unconstrained build operations Thread 54" [_thread_blocked, id=17152, stack(0x000000aa20500000,0x000000aa20600000)]
  0x00000264d8b6f800 JavaThread "Unconstrained build operations Thread 55" [_thread_blocked, id=13916, stack(0x000000aa20600000,0x000000aa20700000)]
  0x00000264d8b6b800 JavaThread "Unconstrained build operations Thread 56" [_thread_blocked, id=14468, stack(0x000000aa20700000,0x000000aa20800000)]
  0x00000264d8b6e000 JavaThread "Unconstrained build operations Thread 57" [_thread_blocked, id=6904, stack(0x000000aa20800000,0x000000aa20900000)]
  0x00000264d8b70800 JavaThread "Unconstrained build operations Thread 58" [_thread_blocked, id=13752, stack(0x000000aa20900000,0x000000aa20a00000)]
  0x00000264d8b6b000 JavaThread "Unconstrained build operations Thread 59" [_thread_blocked, id=31084, stack(0x000000aa20a00000,0x000000aa20b00000)]
  0x00000264d8b75800 JavaThread "Unconstrained build operations Thread 60" [_thread_blocked, id=20424, stack(0x000000aa20b00000,0x000000aa20c00000)]
  0x00000264d8b71800 JavaThread "build event listener" [_thread_blocked, id=26332, stack(0x000000aa20c00000,0x000000aa20d00000)]
  0x00000264d8b78000 JavaThread "Execution worker for ':'" [_thread_blocked, id=21456, stack(0x000000aa20e00000,0x000000aa20f00000)]
  0x00000264d8b73000 JavaThread "Execution worker for ':' Thread 2" [_thread_in_Java, id=24412, stack(0x000000aa20f00000,0x000000aa21000000)]
  0x00000264d8b72000 JavaThread "Execution worker for ':' Thread 3" [_thread_blocked, id=32132, stack(0x000000aa21000000,0x000000aa21100000)]
  0x00000264d8b74000 JavaThread "Execution worker for ':' Thread 4" [_thread_blocked, id=20092, stack(0x000000aa21100000,0x000000aa21200000)]
  0x00000264d8b74800 JavaThread "Execution worker for ':' Thread 5" [_thread_blocked, id=22152, stack(0x000000aa21200000,0x000000aa21300000)]
  0x00000264d8b76000 JavaThread "Cache worker for execution history cache (C:\Users\TheKoopaKing\Documents\GitHub\CS-422-Bby-Sitter-App\BbySitter\.gradle\7.2\executionHistory)" [_thread_blocked, id=31524, stack(0x000000aa21300000,0x000000aa21400000)]
  0x00000264d9184800 JavaThread "WorkerExecutor Queue Thread 5" [_thread_blocked, id=31292, stack(0x000000aa21800000,0x000000aa21900000)]

Other Threads:
  0x00000264ce128000 VMThread "VM Thread" [stack: 0x000000aa1a100000,0x000000aa1a200000] [id=22672]
  0x00000264cec2b800 WatcherThread [stack: 0x000000aa1ab00000,0x000000aa1ac00000] [id=29816]
  0x00000264b4106000 GCTaskThread "GC Thread#0" [stack: 0x000000aa19c00000,0x000000aa19d00000] [id=34780]
  0x00000264cf5be000 GCTaskThread "GC Thread#1" [stack: 0x000000aa1ac00000,0x000000aa1ad00000] [id=33340]
  0x00000264cf48b800 GCTaskThread "GC Thread#2" [stack: 0x000000aa1ad00000,0x000000aa1ae00000] [id=26736]
  0x00000264d0c1f000 GCTaskThread "GC Thread#3" [stack: 0x000000aa1b800000,0x000000aa1b900000] [id=25752]
  0x00000264d0a66800 GCTaskThread "GC Thread#4" [stack: 0x000000aa1b900000,0x000000aa1ba00000] [id=29252]
  0x00000264d0c13000 GCTaskThread "GC Thread#5" [stack: 0x000000aa1ba00000,0x000000aa1bb00000] [id=12712]
  0x00000264b4136800 ConcurrentGCThread "G1 Main Marker" [stack: 0x000000aa19d00000,0x000000aa19e00000] [id=23960]
  0x00000264b4138000 ConcurrentGCThread "G1 Conc#0" [stack: 0x000000aa19e00000,0x000000aa19f00000] [id=34608]
  0x00000264d0b30800 ConcurrentGCThread "G1 Conc#1" [stack: 0x000000aa1bd00000,0x000000aa1be00000] [id=23016]
  0x00000264cdf80800 ConcurrentGCThread "G1 Refine#0" [stack: 0x000000aa19f00000,0x000000aa1a000000] [id=28720]
  0x00000264cdf81000 ConcurrentGCThread "G1 Young RemSet Sampling" [stack: 0x000000aa1a000000,0x000000aa1a100000] [id=21012]

Threads with active compile tasks:
C2 CompilerThread0 213003 21301   !   4       java.util.Formatter::format (280 bytes)

VM state:not at safepoint (normal execution)

VM Mutex/Monitor currently owned by a thread:  ([mutex/lock_event])
[0x00000264b40f2db0] Safepoint_lock - owner thread: 0x00000264ce128000
[0x00000264b40f3230] Threads_lock - owner thread: 0x00000264ce128000

Heap address: 0x0000000080000000, size: 2048 MB, Compressed Oops mode: 32-bit
Narrow klass base: 0x0000000000000000, Narrow klass shift: 3
Compressed class space size: 1073741824 Address: 0x0000000100000000

Heap:
 garbage-first heap   total 273408K, used 194844K [0x0000000080000000, 0x0000000100000000)
  region size 1024K, 56 young (57344K), 4 survivors (4096K)
 Metaspace       used 130396K, capacity 133739K, committed 134064K, reserved 1165312K
  class space    used 16074K, capacity 17317K, committed 17408K, reserved 1048576K
Heap Regions: E=young(eden), S=young(survivor), O=old, HS=humongous(starts), HC=humongous(continues), CS=collection set, F=free, A=archive, TAMS=top-at-mark-start (previous, next)
|   0|0x0000000080000000, 0x0000000080100000, 0x0000000080100000|100%| O|  |TAMS 0x0000000080100000, 0x0000000080000000| Untracked 
|   1|0x0000000080100000, 0x0000000080200000, 0x0000000080200000|100%| O|  |TAMS 0x0000000080200000, 0x0000000080100000| Untracked 
|   2|0x0000000080200000, 0x0000000080300000, 0x0000000080300000|100%| O|  |TAMS 0x0000000080300000, 0x0000000080200000| Untracked 
|   3|0x0000000080300000, 0x0000000080400000, 0x0000000080400000|100%|HS|  |TAMS 0x0000000080400000, 0x0000000080300000| Complete 
|   4|0x0000000080400000, 0x0000000080500000, 0x0000000080500000|100%|HC|  |TAMS 0x0000000080500000, 0x0000000080400000| Complete 
|   5|0x0000000080500000, 0x0000000080600000, 0x0000000080600000|100%|HC|  |TAMS 0x0000000080600000, 0x0000000080500000| Complete 
|   6|0x0000000080600000, 0x0000000080700000, 0x0000000080700000|100%| O|  |TAMS 0x0000000080700000, 0x0000000080600000| Untracked 
|   7|0x0000000080700000, 0x0000000080800000, 0x0000000080800000|100%| O|  |TAMS 0x0000000080800000, 0x0000000080700000| Untracked 
|   8|0x0000000080800000, 0x0000000080900000, 0x0000000080900000|100%| O|  |TAMS 0x0000000080900000, 0x0000000080800000| Untracked 
|   9|0x0000000080900000, 0x0000000080a00000, 0x0000000080a00000|100%| O|  |TAMS 0x0000000080a00000, 0x0000000080900000| Untracked 
|  10|0x0000000080a00000, 0x0000000080b00000, 0x0000000080b00000|100%| O|  |TAMS 0x0000000080b00000, 0x0000000080a00000| Untracked 
|  11|0x0000000080b00000, 0x0000000080c00000, 0x0000000080c00000|100%| O|  |TAMS 0x0000000080c00000, 0x0000000080b00000| Untracked 
|  12|0x0000000080c00000, 0x0000000080d00000, 0x0000000080d00000|100%| O|  |TAMS 0x0000000080d00000, 0x0000000080c00000| Untracked 
|  13|0x0000000080d00000, 0x0000000080e00000, 0x0000000080e00000|100%| O|  |TAMS 0x0000000080e00000, 0x0000000080d00000| Untracked 
|  14|0x0000000080e00000, 0x0000000080f00000, 0x0000000080f00000|100%| O|  |TAMS 0x0000000080f00000, 0x0000000080e00000| Untracked 
|  15|0x0000000080f00000, 0x0000000081000000, 0x0000000081000000|100%| O|  |TAMS 0x0000000081000000, 0x0000000080f00000| Untracked 
|  16|0x0000000081000000, 0x0000000081100000, 0x0000000081100000|100%|HS|  |TAMS 0x0000000081100000, 0x0000000081000000| Complete 
|  17|0x0000000081100000, 0x0000000081200000, 0x0000000081200000|100%|HC|  |TAMS 0x0000000081200000, 0x0000000081100000| Complete 
|  18|0x0000000081200000, 0x0000000081300000, 0x0000000081300000|100%|HS|  |TAMS 0x0000000081300000, 0x0000000081200000| Complete 
|  19|0x0000000081300000, 0x0000000081400000, 0x0000000081400000|100%|HC|  |TAMS 0x0000000081400000, 0x0000000081300000| Complete 
|  20|0x0000000081400000, 0x0000000081500000, 0x0000000081500000|100%|HC|  |TAMS 0x0000000081500000, 0x0000000081400000| Complete 
|  21|0x0000000081500000, 0x0000000081600000, 0x0000000081600000|100%|HS|  |TAMS 0x0000000081600000, 0x0000000081500000| Complete 
|  22|0x0000000081600000, 0x0000000081700000, 0x0000000081700000|100%|HC|  |TAMS 0x0000000081700000, 0x0000000081600000| Complete 
|  23|0x0000000081700000, 0x0000000081800000, 0x0000000081800000|100%|HC|  |TAMS 0x0000000081800000, 0x0000000081700000| Complete 
|  24|0x0000000081800000, 0x0000000081900000, 0x0000000081900000|100%|HC|  |TAMS 0x0000000081900000, 0x0000000081800000| Complete 
|  25|0x0000000081900000, 0x0000000081a00000, 0x0000000081a00000|100%| O|  |TAMS 0x0000000081a00000, 0x0000000081900000| Untracked 
|  26|0x0000000081a00000, 0x0000000081b00000, 0x0000000081b00000|100%| O|  |TAMS 0x0000000081b00000, 0x0000000081a00000| Untracked 
|  27|0x0000000081b00000, 0x0000000081c00000, 0x0000000081c00000|100%| O|  |TAMS 0x0000000081c00000, 0x0000000081b00000| Untracked 
|  28|0x0000000081c00000, 0x0000000081d00000, 0x0000000081d00000|100%|HS|  |TAMS 0x0000000081d00000, 0x0000000081c00000| Complete 
|  29|0x0000000081d00000, 0x0000000081e00000, 0x0000000081e00000|100%|HC|  |TAMS 0x0000000081e00000, 0x0000000081d00000| Complete 
|  30|0x0000000081e00000, 0x0000000081f00000, 0x0000000081f00000|100%|HC|  |TAMS 0x0000000081f00000, 0x0000000081e00000| Complete 
|  31|0x0000000081f00000, 0x0000000082000000, 0x0000000082000000|100%| O|  |TAMS 0x0000000082000000, 0x0000000081f00000| Untracked 
|  32|0x0000000082000000, 0x0000000082100000, 0x0000000082100000|100%| O|  |TAMS 0x0000000082100000, 0x0000000082000000| Untracked 
|  33|0x0000000082100000, 0x0000000082200000, 0x0000000082200000|100%| O|  |TAMS 0x0000000082200000, 0x0000000082100000| Untracked 
|  34|0x0000000082200000, 0x0000000082300000, 0x0000000082300000|100%| O|  |TAMS 0x0000000082300000, 0x0000000082200000| Untracked 
|  35|0x0000000082300000, 0x0000000082400000, 0x0000000082400000|100%| O|  |TAMS 0x0000000082400000, 0x0000000082300000| Untracked 
|  36|0x0000000082400000, 0x0000000082500000, 0x0000000082500000|100%| O|  |TAMS 0x0000000082500000, 0x0000000082400000| Untracked 
|  37|0x0000000082500000, 0x0000000082600000, 0x0000000082600000|100%| O|  |TAMS 0x0000000082600000, 0x0000000082500000| Untracked 
|  38|0x0000000082600000, 0x0000000082700000, 0x0000000082700000|100%|HS|  |TAMS 0x0000000082700000, 0x0000000082600000| Complete 
|  39|0x0000000082700000, 0x0000000082800000, 0x0000000082800000|100%|HC|  |TAMS 0x0000000082800000, 0x0000000082700000| Complete 
|  40|0x0000000082800000, 0x0000000082900000, 0x0000000082900000|100%|HC|  |TAMS 0x0000000082900000, 0x0000000082800000| Complete 
|  41|0x0000000082900000, 0x0000000082a00000, 0x0000000082a00000|100%|HC|  |TAMS 0x0000000082a00000, 0x0000000082900000| Complete 
|  42|0x0000000082a00000, 0x0000000082b00000, 0x0000000082b00000|100%| O|  |TAMS 0x0000000082b00000, 0x0000000082a00000| Untracked 
|  43|0x0000000082b00000, 0x0000000082c00000, 0x0000000082c00000|100%| O|  |TAMS 0x0000000082c00000, 0x0000000082b00000| Untracked 
|  44|0x0000000082c00000, 0x0000000082d00000, 0x0000000082d00000|100%| O|  |TAMS 0x0000000082d00000, 0x0000000082c00000| Untracked 
|  45|0x0000000082d00000, 0x0000000082e00000, 0x0000000082e00000|100%| O|  |TAMS 0x0000000082e00000, 0x0000000082d00000| Untracked 
|  46|0x0000000082e00000, 0x0000000082f00000, 0x0000000082f00000|100%| O|  |TAMS 0x0000000082f00000, 0x0000000082e00000| Untracked 
|  47|0x0000000082f00000, 0x0000000083000000, 0x0000000083000000|100%| O|  |TAMS 0x0000000083000000, 0x0000000082f00000| Untracked 
|  48|0x0000000083000000, 0x0000000083100000, 0x0000000083100000|100%| O|  |TAMS 0x0000000083100000, 0x0000000083000000| Untracked 
|  49|0x0000000083100000, 0x0000000083200000, 0x0000000083200000|100%| O|  |TAMS 0x0000000083200000, 0x0000000083100000| Untracked 
|  50|0x0000000083200000, 0x0000000083300000, 0x0000000083300000|100%| O|  |TAMS 0x0000000083300000, 0x0000000083200000| Untracked 
|  51|0x0000000083300000, 0x0000000083400000, 0x0000000083400000|100%| O|  |TAMS 0x0000000083400000, 0x0000000083300000| Untracked 
|  52|0x0000000083400000, 0x0000000083500000, 0x0000000083500000|100%| O|  |TAMS 0x0000000083500000, 0x0000000083400000| Untracked 
|  53|0x0000000083500000, 0x0000000083600000, 0x0000000083600000|100%| O|  |TAMS 0x0000000083600000, 0x0000000083500000| Untracked 
|  54|0x0000000083600000, 0x0000000083700000, 0x0000000083700000|100%| O|  |TAMS 0x0000000083700000, 0x0000000083600000| Untracked 
|  55|0x0000000083700000, 0x0000000083800000, 0x0000000083800000|100%| O|  |TAMS 0x0000000083800000, 0x0000000083700000| Untracked 
|  56|0x0000000083800000, 0x0000000083900000, 0x0000000083900000|100%| O|  |TAMS 0x0000000083900000, 0x0000000083800000| Untracked 
|  57|0x0000000083900000, 0x0000000083a00000, 0x0000000083a00000|100%| O|  |TAMS 0x0000000083a00000, 0x0000000083900000| Untracked 
|  58|0x0000000083a00000, 0x0000000083b00000, 0x0000000083b00000|100%| O|  |TAMS 0x0000000083b00000, 0x0000000083a00000| Untracked 
|  59|0x0000000083b00000, 0x0000000083c00000, 0x0000000083c00000|100%| O|  |TAMS 0x0000000083c00000, 0x0000000083b00000| Untracked 
|  60|0x0000000083c00000, 0x0000000083d00000, 0x0000000083d00000|100%| O|  |TAMS 0x0000000083d00000, 0x0000000083c00000| Untracked 
|  61|0x0000000083d00000, 0x0000000083e00000, 0x0000000083e00000|100%| O|  |TAMS 0x0000000083e00000, 0x0000000083d00000| Untracked 
|  62|0x0000000083e00000, 0x0000000083e00000, 0x0000000083f00000|  0%| F|  |TAMS 0x0000000083e00000, 0x0000000083e00000| Untracked 
|  63|0x0000000083f00000, 0x0000000084000000, 0x0000000084000000|100%| O|  |TAMS 0x0000000084000000, 0x0000000083f00000| Untracked 
|  64|0x0000000084000000, 0x0000000084100000, 0x0000000084100000|100%|HS|  |TAMS 0x0000000084100000, 0x0000000084000000| Complete 
|  65|0x0000000084100000, 0x0000000084200000, 0x0000000084200000|100%|HS|  |TAMS 0x0000000084200000, 0x0000000084100000| Complete 
|  66|0x0000000084200000, 0x0000000084300000, 0x0000000084300000|100%|HS|  |TAMS 0x0000000084300000, 0x0000000084200000| Complete 
|  67|0x0000000084300000, 0x0000000084400000, 0x0000000084400000|100%|HS|  |TAMS 0x0000000084400000, 0x0000000084300000| Complete 
|  68|0x0000000084400000, 0x0000000084500000, 0x0000000084500000|100%|HC|  |TAMS 0x0000000084500000, 0x0000000084400000| Complete 
|  69|0x0000000084500000, 0x0000000084600000, 0x0000000084600000|100%| O|  |TAMS 0x0000000084600000, 0x0000000084500000| Untracked 
|  70|0x0000000084600000, 0x0000000084700000, 0x0000000084700000|100%| O|  |TAMS 0x0000000084700000, 0x0000000084600000| Untracked 
|  71|0x0000000084700000, 0x0000000084800000, 0x0000000084800000|100%| O|  |TAMS 0x0000000084800000, 0x0000000084700000| Untracked 
|  72|0x0000000084800000, 0x0000000084900000, 0x0000000084900000|100%| O|  |TAMS 0x0000000084900000, 0x0000000084800000| Untracked 
|  73|0x0000000084900000, 0x0000000084a00000, 0x0000000084a00000|100%| O|  |TAMS 0x0000000084a00000, 0x0000000084900000| Untracked 
|  74|0x0000000084a00000, 0x0000000084b00000, 0x0000000084b00000|100%| O|  |TAMS 0x0000000084b00000, 0x0000000084a00000| Untracked 
|  75|0x0000000084b00000, 0x0000000084b00000, 0x0000000084c00000|  0%| F|  |TAMS 0x0000000084b00000, 0x0000000084b00000| Untracked 
|  76|0x0000000084c00000, 0x0000000084c00000, 0x0000000084d00000|  0%| F|  |TAMS 0x0000000084c00000, 0x0000000084c00000| Untracked 
|  77|0x0000000084d00000, 0x0000000084e00000, 0x0000000084e00000|100%| O|  |TAMS 0x0000000084e00000, 0x0000000084d00000| Untracked 
|  78|0x0000000084e00000, 0x0000000084f00000, 0x0000000084f00000|100%| O|  |TAMS 0x0000000084f00000, 0x0000000084e00000| Untracked 
|  79|0x0000000084f00000, 0x0000000085000000, 0x0000000085000000|100%| O|  |TAMS 0x0000000085000000, 0x0000000084f00000| Untracked 
|  80|0x0000000085000000, 0x0000000085100000, 0x0000000085100000|100%| O|  |TAMS 0x0000000085100000, 0x0000000085000000| Untracked 
|  81|0x0000000085100000, 0x0000000085200000, 0x0000000085200000|100%| O|  |TAMS 0x0000000085200000, 0x0000000085100000| Untracked 
|  82|0x0000000085200000, 0x0000000085300000, 0x0000000085300000|100%| O|  |TAMS 0x0000000085300000, 0x0000000085200000| Untracked 
|  83|0x0000000085300000, 0x0000000085400000, 0x0000000085400000|100%| O|  |TAMS 0x0000000085400000, 0x0000000085300000| Untracked 
|  84|0x0000000085400000, 0x0000000085500000, 0x0000000085500000|100%| O|  |TAMS 0x0000000085500000, 0x0000000085400000| Untracked 
|  85|0x0000000085500000, 0x0000000085600000, 0x0000000085600000|100%| O|  |TAMS 0x0000000085600000, 0x0000000085500000| Untracked 
|  86|0x0000000085600000, 0x0000000085700000, 0x0000000085700000|100%| O|  |TAMS 0x0000000085700000, 0x0000000085600000| Untracked 
|  87|0x0000000085700000, 0x0000000085800000, 0x0000000085800000|100%| O|  |TAMS 0x0000000085800000, 0x0000000085700000| Untracked 
|  88|0x0000000085800000, 0x0000000085900000, 0x0000000085900000|100%|HS|  |TAMS 0x0000000085900000, 0x0000000085800000| Complete 
|  89|0x0000000085900000, 0x0000000085a00000, 0x0000000085a00000|100%|HC|  |TAMS 0x0000000085a00000, 0x0000000085900000| Complete 
|  90|0x0000000085a00000, 0x0000000085b00000, 0x0000000085b00000|100%|HS|  |TAMS 0x0000000085b00000, 0x0000000085a00000| Complete 
|  91|0x0000000085b00000, 0x0000000085c00000, 0x0000000085c00000|100%|HC|  |TAMS 0x0000000085c00000, 0x0000000085b00000| Complete 
|  92|0x0000000085c00000, 0x0000000085d00000, 0x0000000085d00000|100%|HC|  |TAMS 0x0000000085d00000, 0x0000000085c00000| Complete 
|  93|0x0000000085d00000, 0x0000000085e00000, 0x0000000085e00000|100%|HS|  |TAMS 0x0000000085e00000, 0x0000000085d00000| Complete 
|  94|0x0000000085e00000, 0x0000000085f00000, 0x0000000085f00000|100%|HC|  |TAMS 0x0000000085f00000, 0x0000000085e00000| Complete 
|  95|0x0000000085f00000, 0x0000000086000000, 0x0000000086000000|100%|HC|  |TAMS 0x0000000086000000, 0x0000000085f00000| Complete 
|  96|0x0000000086000000, 0x0000000086100000, 0x0000000086100000|100%|HC|  |TAMS 0x0000000086100000, 0x0000000086000000| Complete 
|  97|0x0000000086100000, 0x0000000086200000, 0x0000000086200000|100%| O|  |TAMS 0x0000000086200000, 0x0000000086100000| Untracked 
|  98|0x0000000086200000, 0x0000000086300000, 0x0000000086300000|100%| O|  |TAMS 0x0000000086300000, 0x0000000086200000| Untracked 
|  99|0x0000000086300000, 0x0000000086400000, 0x0000000086400000|100%| O|  |TAMS 0x0000000086400000, 0x0000000086300000| Untracked 
| 100|0x0000000086400000, 0x0000000086500000, 0x0000000086500000|100%| O|  |TAMS 0x0000000086500000, 0x0000000086400000| Untracked 
| 101|0x0000000086500000, 0x0000000086600000, 0x0000000086600000|100%| O|  |TAMS 0x0000000086600000, 0x0000000086500000| Untracked 
| 102|0x0000000086600000, 0x0000000086700000, 0x0000000086700000|100%| O|  |TAMS 0x0000000086700000, 0x0000000086600000| Untracked 
| 103|0x0000000086700000, 0x0000000086800000, 0x0000000086800000|100%| O|  |TAMS 0x0000000086800000, 0x0000000086700000| Untracked 
| 104|0x0000000086800000, 0x0000000086900000, 0x0000000086900000|100%| O|  |TAMS 0x0000000086900000, 0x0000000086800000| Untracked 
| 105|0x0000000086900000, 0x0000000086a00000, 0x0000000086a00000|100%| O|  |TAMS 0x0000000086a00000, 0x0000000086900000| Untracked 
| 106|0x0000000086a00000, 0x0000000086b00000, 0x0000000086b00000|100%| O|  |TAMS 0x0000000086b00000, 0x0000000086a00000| Untracked 
| 107|0x0000000086b00000, 0x0000000086c00000, 0x0000000086c00000|100%| O|  |TAMS 0x0000000086c00000, 0x0000000086b00000| Untracked 
| 108|0x0000000086c00000, 0x0000000086d00000, 0x0000000086d00000|100%| O|  |TAMS 0x0000000086d00000, 0x0000000086c00000| Untracked 
| 109|0x0000000086d00000, 0x0000000086e00000, 0x0000000086e00000|100%| O|  |TAMS 0x0000000086e00000, 0x0000000086d00000| Untracked 
| 110|0x0000000086e00000, 0x0000000086f00000, 0x0000000086f00000|100%| O|  |TAMS 0x0000000086f00000, 0x0000000086e00000| Untracked 
| 111|0x0000000086f00000, 0x0000000087000000, 0x0000000087000000|100%| O|  |TAMS 0x0000000087000000, 0x0000000086f00000| Untracked 
| 112|0x0000000087000000, 0x0000000087100000, 0x0000000087100000|100%| O|  |TAMS 0x0000000087100000, 0x0000000087000000| Untracked 
| 113|0x0000000087100000, 0x0000000087200000, 0x0000000087200000|100%| O|  |TAMS 0x0000000087200000, 0x0000000087100000| Untracked 
| 114|0x0000000087200000, 0x0000000087300000, 0x0000000087300000|100%| O|  |TAMS 0x0000000087300000, 0x0000000087200000| Untracked 
| 115|0x0000000087300000, 0x0000000087400000, 0x0000000087400000|100%| O|  |TAMS 0x0000000087400000, 0x0000000087300000| Untracked 
| 116|0x0000000087400000, 0x0000000087500000, 0x0000000087500000|100%| O|  |TAMS 0x0000000087500000, 0x0000000087400000| Untracked 
| 117|0x0000000087500000, 0x0000000087600000, 0x0000000087600000|100%| O|  |TAMS 0x0000000087600000, 0x0000000087500000| Untracked 
| 118|0x0000000087600000, 0x0000000087700000, 0x0000000087700000|100%| O|  |TAMS 0x0000000087700000, 0x0000000087600000| Untracked 
| 119|0x0000000087700000, 0x0000000087800000, 0x0000000087800000|100%| O|  |TAMS 0x0000000087800000, 0x0000000087700000| Untracked 
| 120|0x0000000087800000, 0x0000000087800000, 0x0000000087900000|  0%| F|  |TAMS 0x0000000087800000, 0x0000000087800000| Untracked 
| 121|0x0000000087900000, 0x0000000087900000, 0x0000000087a00000|  0%| F|  |TAMS 0x0000000087900000, 0x0000000087900000| Untracked 
| 122|0x0000000087a00000, 0x0000000087a00000, 0x0000000087b00000|  0%| F|  |TAMS 0x0000000087a00000, 0x0000000087a00000| Untracked 
| 123|0x0000000087b00000, 0x0000000087b00000, 0x0000000087c00000|  0%| F|  |TAMS 0x0000000087b00000, 0x0000000087b00000| Untracked 
| 124|0x0000000087c00000, 0x0000000087d00000, 0x0000000087d00000|100%| O|  |TAMS 0x0000000087d00000, 0x0000000087c00000| Untracked 
| 125|0x0000000087d00000, 0x0000000087e00000, 0x0000000087e00000|100%| O|  |TAMS 0x0000000087e00000, 0x0000000087d00000| Untracked 
| 126|0x0000000087e00000, 0x0000000087f00000, 0x0000000087f00000|100%| O|  |TAMS 0x0000000087f00000, 0x0000000087e00000| Untracked 
| 127|0x0000000087f00000, 0x0000000088000000, 0x0000000088000000|100%| O|  |TAMS 0x0000000088000000, 0x0000000087f00000| Untracked 
| 128|0x0000000088000000, 0x0000000088000000, 0x0000000088100000|  0%| F|  |TAMS 0x0000000088000000, 0x0000000088000000| Untracked 
| 129|0x0000000088100000, 0x0000000088100000, 0x0000000088200000|  0%| F|  |TAMS 0x0000000088100000, 0x0000000088100000| Untracked 
| 130|0x0000000088200000, 0x0000000088300000, 0x0000000088300000|100%| O|  |TAMS 0x0000000088300000, 0x0000000088200000| Untracked 
| 131|0x0000000088300000, 0x0000000088400000, 0x0000000088400000|100%| O|  |TAMS 0x0000000088400000, 0x0000000088300000| Untracked 
| 132|0x0000000088400000, 0x0000000088500000, 0x0000000088500000|100%| O|  |TAMS 0x0000000088500000, 0x0000000088400000| Untracked 
| 133|0x0000000088500000, 0x0000000088600000, 0x0000000088600000|100%| O|  |TAMS 0x0000000088600000, 0x0000000088500000| Untracked 
| 134|0x0000000088600000, 0x0000000088700000, 0x0000000088700000|100%| O|  |TAMS 0x0000000088700000, 0x0000000088600000| Untracked 
| 135|0x0000000088700000, 0x0000000088800000, 0x0000000088800000|100%| O|  |TAMS 0x0000000088800000, 0x0000000088700000| Untracked 
| 136|0x0000000088800000, 0x0000000088900000, 0x0000000088900000|100%| O|  |TAMS 0x0000000088900000, 0x0000000088800000| Untracked 
| 137|0x0000000088900000, 0x0000000088a00000, 0x0000000088a00000|100%| O|  |TAMS 0x0000000088a00000, 0x0000000088900000| Untracked 
| 138|0x0000000088a00000, 0x0000000088b00000, 0x0000000088b00000|100%| O|  |TAMS 0x0000000088b00000, 0x0000000088a00000| Untracked 
| 139|0x0000000088b00000, 0x0000000088c00000, 0x0000000088c00000|100%| O|  |TAMS 0x0000000088c00000, 0x0000000088b00000| Untracked 
| 140|0x0000000088c00000, 0x0000000088d00000, 0x0000000088d00000|100%| O|  |TAMS 0x0000000088d00000, 0x0000000088c00000| Untracked 
| 141|0x0000000088d00000, 0x0000000088d00000, 0x0000000088e00000|  0%| F|  |TAMS 0x0000000088d00000, 0x0000000088d00000| Untracked 
| 142|0x0000000088e00000, 0x0000000088f00000, 0x0000000088f00000|100%| O|  |TAMS 0x0000000088ec3000, 0x0000000088e00000| Untracked 
| 143|0x0000000088f00000, 0x0000000088f00000, 0x0000000089000000|  0%| F|  |TAMS 0x0000000088f00000, 0x0000000088f00000| Untracked 
| 144|0x0000000089000000, 0x0000000089100000, 0x0000000089100000|100%| O|  |TAMS 0x0000000089000000, 0x0000000089000000| Untracked 
| 145|0x0000000089100000, 0x000000008913ea00, 0x0000000089200000| 24%| O|  |TAMS 0x0000000089100000, 0x0000000089100000| Untracked 
| 146|0x0000000089200000, 0x0000000089200000, 0x0000000089300000|  0%| F|  |TAMS 0x0000000089200000, 0x0000000089200000| Untracked 
| 147|0x0000000089300000, 0x0000000089300000, 0x0000000089400000|  0%| F|  |TAMS 0x0000000089300000, 0x0000000089300000| Untracked 
| 148|0x0000000089400000, 0x0000000089400000, 0x0000000089500000|  0%| F|  |TAMS 0x0000000089400000, 0x0000000089400000| Untracked 
| 149|0x0000000089500000, 0x0000000089500000, 0x0000000089600000|  0%| F|  |TAMS 0x0000000089500000, 0x0000000089500000| Untracked 
| 150|0x0000000089600000, 0x0000000089600000, 0x0000000089700000|  0%| F|  |TAMS 0x0000000089600000, 0x0000000089600000| Untracked 
| 151|0x0000000089700000, 0x0000000089700000, 0x0000000089800000|  0%| F|  |TAMS 0x0000000089700000, 0x0000000089700000| Untracked 
| 152|0x0000000089800000, 0x0000000089800000, 0x0000000089900000|  0%| F|  |TAMS 0x0000000089800000, 0x0000000089800000| Untracked 
| 153|0x0000000089900000, 0x0000000089900000, 0x0000000089a00000|  0%| F|  |TAMS 0x0000000089900000, 0x0000000089900000| Untracked 
| 154|0x0000000089a00000, 0x0000000089a00000, 0x0000000089b00000|  0%| F|  |TAMS 0x0000000089a00000, 0x0000000089a00000| Untracked 
| 155|0x0000000089b00000, 0x0000000089b00000, 0x0000000089c00000|  0%| F|  |TAMS 0x0000000089b00000, 0x0000000089b00000| Untracked 
| 156|0x0000000089c00000, 0x0000000089c00000, 0x0000000089d00000|  0%| F|  |TAMS 0x0000000089c00000, 0x0000000089c00000| Untracked 
| 157|0x0000000089d00000, 0x0000000089d00000, 0x0000000089e00000|  0%| F|  |TAMS 0x0000000089d00000, 0x0000000089d00000| Untracked 
| 158|0x0000000089e00000, 0x0000000089e00000, 0x0000000089f00000|  0%| F|  |TAMS 0x0000000089e00000, 0x0000000089e00000| Untracked 
| 159|0x0000000089f00000, 0x0000000089f00000, 0x000000008a000000|  0%| F|  |TAMS 0x0000000089f00000, 0x0000000089f00000| Untracked 
| 160|0x000000008a000000, 0x000000008a000000, 0x000000008a100000|  0%| F|  |TAMS 0x000000008a000000, 0x000000008a000000| Untracked 
| 161|0x000000008a100000, 0x000000008a100000, 0x000000008a200000|  0%| F|  |TAMS 0x000000008a100000, 0x000000008a100000| Untracked 
| 162|0x000000008a200000, 0x000000008a300000, 0x000000008a300000|100%| O|  |TAMS 0x000000008a300000, 0x000000008a200000| Untracked 
| 163|0x000000008a300000, 0x000000008a400000, 0x000000008a400000|100%| O|  |TAMS 0x000000008a400000, 0x000000008a300000| Untracked 
| 164|0x000000008a400000, 0x000000008a500000, 0x000000008a500000|100%| O|  |TAMS 0x000000008a500000, 0x000000008a400000| Untracked 
| 165|0x000000008a500000, 0x000000008a500000, 0x000000008a600000|  0%| F|  |TAMS 0x000000008a500000, 0x000000008a500000| Untracked 
| 166|0x000000008a600000, 0x000000008a600000, 0x000000008a700000|  0%| F|  |TAMS 0x000000008a600000, 0x000000008a600000| Untracked 
| 167|0x000000008a700000, 0x000000008a700000, 0x000000008a800000|  0%| F|  |TAMS 0x000000008a700000, 0x000000008a700000| Untracked 
| 168|0x000000008a800000, 0x000000008a800000, 0x000000008a900000|  0%| F|  |TAMS 0x000000008a800000, 0x000000008a800000| Untracked 
| 169|0x000000008a900000, 0x000000008a900000, 0x000000008aa00000|  0%| F|  |TAMS 0x000000008a900000, 0x000000008a900000| Untracked 
| 170|0x000000008aa00000, 0x000000008aa00000, 0x000000008ab00000|  0%| F|  |TAMS 0x000000008aa00000, 0x000000008aa00000| Untracked 
| 171|0x000000008ab00000, 0x000000008ab00000, 0x000000008ac00000|  0%| F|  |TAMS 0x000000008ab00000, 0x000000008ab00000| Untracked 
| 172|0x000000008ac00000, 0x000000008ac00000, 0x000000008ad00000|  0%| F|  |TAMS 0x000000008ac00000, 0x000000008ac00000| Untracked 
| 173|0x000000008ad00000, 0x000000008ad00000, 0x000000008ae00000|  0%| F|  |TAMS 0x000000008ad00000, 0x000000008ad00000| Untracked 
| 174|0x000000008ae00000, 0x000000008ae00000, 0x000000008af00000|  0%| F|  |TAMS 0x000000008ae00000, 0x000000008ae00000| Untracked 
| 175|0x000000008af00000, 0x000000008af00000, 0x000000008b000000|  0%| F|  |TAMS 0x000000008af00000, 0x000000008af00000| Untracked 
| 176|0x000000008b000000, 0x000000008b000000, 0x000000008b100000|  0%| F|  |TAMS 0x000000008b000000, 0x000000008b000000| Untracked 
| 177|0x000000008b100000, 0x000000008b100000, 0x000000008b200000|  0%| F|  |TAMS 0x000000008b100000, 0x000000008b100000| Untracked 
| 178|0x000000008b200000, 0x000000008b200000, 0x000000008b300000|  0%| F|  |TAMS 0x000000008b200000, 0x000000008b200000| Untracked 
| 179|0x000000008b300000, 0x000000008b300000, 0x000000008b400000|  0%| F|  |TAMS 0x000000008b300000, 0x000000008b300000| Untracked 
| 180|0x000000008b400000, 0x000000008b400000, 0x000000008b500000|  0%| F|  |TAMS 0x000000008b400000, 0x000000008b400000| Untracked 
| 181|0x000000008b500000, 0x000000008b500000, 0x000000008b600000|  0%| F|  |TAMS 0x000000008b500000, 0x000000008b500000| Untracked 
| 182|0x000000008b600000, 0x000000008b600000, 0x000000008b700000|  0%| F|  |TAMS 0x000000008b600000, 0x000000008b600000| Untracked 
| 183|0x000000008b700000, 0x000000008b700000, 0x000000008b800000|  0%| F|  |TAMS 0x000000008b700000, 0x000000008b700000| Untracked 
| 184|0x000000008b800000, 0x000000008b800000, 0x000000008b900000|  0%| F|  |TAMS 0x000000008b800000, 0x000000008b800000| Untracked 
| 185|0x000000008b900000, 0x000000008b900000, 0x000000008ba00000|  0%| F|  |TAMS 0x000000008b900000, 0x000000008b900000| Untracked 
| 186|0x000000008ba00000, 0x000000008ba00000, 0x000000008bb00000|  0%| F|  |TAMS 0x000000008ba00000, 0x000000008ba00000| Untracked 
| 187|0x000000008bb00000, 0x000000008bb00000, 0x000000008bc00000|  0%| F|  |TAMS 0x000000008bb00000, 0x000000008bb00000| Untracked 
| 188|0x000000008bc00000, 0x000000008bc00000, 0x000000008bd00000|  0%| F|  |TAMS 0x000000008bc00000, 0x000000008bc00000| Untracked 
| 189|0x000000008bd00000, 0x000000008bd00000, 0x000000008be00000|  0%| F|  |TAMS 0x000000008bd00000, 0x000000008bd00000| Untracked 
| 190|0x000000008be00000, 0x000000008be00000, 0x000000008bf00000|  0%| F|  |TAMS 0x000000008be00000, 0x000000008be00000| Untracked 
| 191|0x000000008bf00000, 0x000000008bf00000, 0x000000008c000000|  0%| F|  |TAMS 0x000000008bf00000, 0x000000008bf00000| Untracked 
| 192|0x000000008c000000, 0x000000008c000000, 0x000000008c100000|  0%| F|  |TAMS 0x000000008c000000, 0x000000008c000000| Untracked 
| 193|0x000000008c100000, 0x000000008c108920, 0x000000008c200000|  3%| S|CS|TAMS 0x000000008c100000, 0x000000008c100000| Complete 
| 194|0x000000008c200000, 0x000000008c300000, 0x000000008c300000|100%| S|CS|TAMS 0x000000008c200000, 0x000000008c200000| Complete 
| 195|0x000000008c300000, 0x000000008c400000, 0x000000008c400000|100%| S|CS|TAMS 0x000000008c300000, 0x000000008c300000| Complete 
| 196|0x000000008c400000, 0x000000008c500000, 0x000000008c500000|100%| S|CS|TAMS 0x000000008c400000, 0x000000008c400000| Complete 
| 197|0x000000008c500000, 0x000000008c500000, 0x000000008c600000|  0%| F|  |TAMS 0x000000008c500000, 0x000000008c500000| Untracked 
| 198|0x000000008c600000, 0x000000008c600000, 0x000000008c700000|  0%| F|  |TAMS 0x000000008c600000, 0x000000008c600000| Untracked 
| 199|0x000000008c700000, 0x000000008c700000, 0x000000008c800000|  0%| F|  |TAMS 0x000000008c700000, 0x000000008c700000| Untracked 
| 200|0x000000008c800000, 0x000000008c800000, 0x000000008c900000|  0%| F|  |TAMS 0x000000008c800000, 0x000000008c800000| Untracked 
| 201|0x000000008c900000, 0x000000008c900000, 0x000000008ca00000|  0%| F|  |TAMS 0x000000008c900000, 0x000000008c900000| Untracked 
| 202|0x000000008ca00000, 0x000000008ca00000, 0x000000008cb00000|  0%| F|  |TAMS 0x000000008ca00000, 0x000000008ca00000| Untracked 
| 203|0x000000008cb00000, 0x000000008cb00000, 0x000000008cc00000|  0%| F|  |TAMS 0x000000008cb00000, 0x000000008cb00000| Untracked 
| 204|0x000000008cc00000, 0x000000008cc00000, 0x000000008cd00000|  0%| F|  |TAMS 0x000000008cc00000, 0x000000008cc00000| Untracked 
| 205|0x000000008cd00000, 0x000000008cd00000, 0x000000008ce00000|  0%| F|  |TAMS 0x000000008cd00000, 0x000000008cd00000| Untracked 
| 206|0x000000008ce00000, 0x000000008ce00000, 0x000000008cf00000|  0%| F|  |TAMS 0x000000008ce00000, 0x000000008ce00000| Untracked 
| 207|0x000000008cf00000, 0x000000008cf00000, 0x000000008d000000|  0%| F|  |TAMS 0x000000008cf00000, 0x000000008cf00000| Untracked 
| 208|0x000000008d000000, 0x000000008d000000, 0x000000008d100000|  0%| F|  |TAMS 0x000000008d000000, 0x000000008d000000| Untracked 
| 209|0x000000008d100000, 0x000000008d100000, 0x000000008d200000|  0%| F|  |TAMS 0x000000008d100000, 0x000000008d100000| Untracked 
| 210|0x000000008d200000, 0x000000008d200000, 0x000000008d300000|  0%| F|  |TAMS 0x000000008d200000, 0x000000008d200000| Untracked 
| 211|0x000000008d300000, 0x000000008d300000, 0x000000008d400000|  0%| F|  |TAMS 0x000000008d300000, 0x000000008d300000| Untracked 
| 212|0x000000008d400000, 0x000000008d400000, 0x000000008d500000|  0%| F|  |TAMS 0x000000008d400000, 0x000000008d400000| Untracked 
| 213|0x000000008d500000, 0x000000008d500000, 0x000000008d600000|  0%| F|  |TAMS 0x000000008d500000, 0x000000008d500000| Untracked 
| 214|0x000000008d600000, 0x000000008d600000, 0x000000008d700000|  0%| F|  |TAMS 0x000000008d600000, 0x000000008d600000| Untracked 
| 215|0x000000008d700000, 0x000000008d785450, 0x000000008d800000| 52%| E|  |TAMS 0x000000008d700000, 0x000000008d700000| Complete 
| 216|0x000000008d800000, 0x000000008d900000, 0x000000008d900000|100%| E|CS|TAMS 0x000000008d800000, 0x000000008d800000| Complete 
| 217|0x000000008d900000, 0x000000008da00000, 0x000000008da00000|100%| E|CS|TAMS 0x000000008d900000, 0x000000008d900000| Complete 
| 218|0x000000008da00000, 0x000000008db00000, 0x000000008db00000|100%| E|CS|TAMS 0x000000008da00000, 0x000000008da00000| Complete 
| 219|0x000000008db00000, 0x000000008dc00000, 0x000000008dc00000|100%| E|  |TAMS 0x000000008db00000, 0x000000008db00000| Complete 
| 220|0x000000008dc00000, 0x000000008dd00000, 0x000000008dd00000|100%| E|CS|TAMS 0x000000008dc00000, 0x000000008dc00000| Complete 
| 221|0x000000008dd00000, 0x000000008de00000, 0x000000008de00000|100%| E|CS|TAMS 0x000000008dd00000, 0x000000008dd00000| Complete 
| 222|0x000000008de00000, 0x000000008df00000, 0x000000008df00000|100%| E|CS|TAMS 0x000000008de00000, 0x000000008de00000| Complete 
| 223|0x000000008df00000, 0x000000008e000000, 0x000000008e000000|100%| E|CS|TAMS 0x000000008df00000, 0x000000008df00000| Complete 
| 224|0x000000008e000000, 0x000000008e100000, 0x000000008e100000|100%| E|CS|TAMS 0x000000008e000000, 0x000000008e000000| Complete 
| 225|0x000000008e100000, 0x000000008e200000, 0x000000008e200000|100%| E|CS|TAMS 0x000000008e100000, 0x000000008e100000| Complete 
| 226|0x000000008e200000, 0x000000008e300000, 0x000000008e300000|100%| E|CS|TAMS 0x000000008e200000, 0x000000008e200000| Complete 
| 227|0x000000008e300000, 0x000000008e400000, 0x000000008e400000|100%| E|CS|TAMS 0x000000008e300000, 0x000000008e300000| Complete 
| 228|0x000000008e400000, 0x000000008e500000, 0x000000008e500000|100%| E|CS|TAMS 0x000000008e400000, 0x000000008e400000| Complete 
| 229|0x000000008e500000, 0x000000008e600000, 0x000000008e600000|100%| E|CS|TAMS 0x000000008e500000, 0x000000008e500000| Complete 
| 230|0x000000008e600000, 0x000000008e700000, 0x000000008e700000|100%| E|CS|TAMS 0x000000008e600000, 0x000000008e600000| Complete 
| 231|0x000000008e700000, 0x000000008e800000, 0x000000008e800000|100%| E|CS|TAMS 0x000000008e700000, 0x000000008e700000| Complete 
| 232|0x000000008e800000, 0x000000008e900000, 0x000000008e900000|100%| E|CS|TAMS 0x000000008e800000, 0x000000008e800000| Complete 
| 233|0x000000008e900000, 0x000000008ea00000, 0x000000008ea00000|100%| E|CS|TAMS 0x000000008e900000, 0x000000008e900000| Complete 
| 234|0x000000008ea00000, 0x000000008eb00000, 0x000000008eb00000|100%| E|CS|TAMS 0x000000008ea00000, 0x000000008ea00000| Complete 
| 235|0x000000008eb00000, 0x000000008ec00000, 0x000000008ec00000|100%| E|CS|TAMS 0x000000008eb00000, 0x000000008eb00000| Complete 
| 236|0x000000008ec00000, 0x000000008ed00000, 0x000000008ed00000|100%| E|CS|TAMS 0x000000008ec00000, 0x000000008ec00000| Complete 
| 237|0x000000008ed00000, 0x000000008ee00000, 0x000000008ee00000|100%| E|CS|TAMS 0x000000008ed00000, 0x000000008ed00000| Complete 
| 238|0x000000008ee00000, 0x000000008ef00000, 0x000000008ef00000|100%| E|CS|TAMS 0x000000008ee00000, 0x000000008ee00000| Complete 
| 239|0x000000008ef00000, 0x000000008f000000, 0x000000008f000000|100%| E|CS|TAMS 0x000000008ef00000, 0x000000008ef00000| Complete 
| 240|0x000000008f000000, 0x000000008f100000, 0x000000008f100000|100%| E|CS|TAMS 0x000000008f000000, 0x000000008f000000| Complete 
| 241|0x000000008f100000, 0x000000008f200000, 0x000000008f200000|100%| E|CS|TAMS 0x000000008f100000, 0x000000008f100000| Complete 
| 242|0x000000008f200000, 0x000000008f300000, 0x000000008f300000|100%| E|CS|TAMS 0x000000008f200000, 0x000000008f200000| Complete 
| 243|0x000000008f300000, 0x000000008f400000, 0x000000008f400000|100%| E|CS|TAMS 0x000000008f300000, 0x000000008f300000| Complete 
| 244|0x000000008f400000, 0x000000008f500000, 0x000000008f500000|100%| E|CS|TAMS 0x000000008f400000, 0x000000008f400000| Complete 
| 245|0x000000008f500000, 0x000000008f600000, 0x000000008f600000|100%| E|CS|TAMS 0x000000008f500000, 0x000000008f500000| Complete 
| 246|0x000000008f600000, 0x000000008f700000, 0x000000008f700000|100%| E|CS|TAMS 0x000000008f600000, 0x000000008f600000| Complete 
| 247|0x000000008f700000, 0x000000008f800000, 0x000000008f800000|100%| E|CS|TAMS 0x000000008f700000, 0x000000008f700000| Complete 
| 248|0x000000008f800000, 0x000000008f900000, 0x000000008f900000|100%| E|CS|TAMS 0x000000008f800000, 0x000000008f800000| Complete 
| 249|0x000000008f900000, 0x000000008fa00000, 0x000000008fa00000|100%| E|CS|TAMS 0x000000008f900000, 0x000000008f900000| Complete 
| 250|0x000000008fa00000, 0x000000008fb00000, 0x000000008fb00000|100%| E|CS|TAMS 0x000000008fa00000, 0x000000008fa00000| Complete 
| 251|0x000000008fb00000, 0x000000008fc00000, 0x000000008fc00000|100%| E|CS|TAMS 0x000000008fb00000, 0x000000008fb00000| Complete 
| 252|0x000000008fc00000, 0x000000008fd00000, 0x000000008fd00000|100%| E|CS|TAMS 0x000000008fc00000, 0x000000008fc00000| Complete 
| 253|0x000000008fd00000, 0x000000008fe00000, 0x000000008fe00000|100%| E|CS|TAMS 0x000000008fd00000, 0x000000008fd00000| Complete 
| 254|0x000000008fe00000, 0x000000008ff00000, 0x000000008ff00000|100%| E|CS|TAMS 0x000000008fe00000, 0x000000008fe00000| Complete 
| 255|0x000000008ff00000, 0x0000000090000000, 0x0000000090000000|100%| E|CS|TAMS 0x000000008ff00000, 0x000000008ff00000| Complete 
| 256|0x0000000090000000, 0x0000000090100000, 0x0000000090100000|100%| E|CS|TAMS 0x0000000090000000, 0x0000000090000000| Complete 
| 257|0x0000000090100000, 0x0000000090200000, 0x0000000090200000|100%| E|CS|TAMS 0x0000000090100000, 0x0000000090100000| Complete 
| 258|0x0000000090200000, 0x0000000090300000, 0x0000000090300000|100%| E|CS|TAMS 0x0000000090200000, 0x0000000090200000| Complete 
| 259|0x0000000090300000, 0x0000000090400000, 0x0000000090400000|100%| E|CS|TAMS 0x0000000090300000, 0x0000000090300000| Complete 
| 260|0x0000000090400000, 0x0000000090500000, 0x0000000090500000|100%| E|CS|TAMS 0x0000000090400000, 0x0000000090400000| Complete 
| 261|0x0000000090500000, 0x0000000090600000, 0x0000000090600000|100%| E|CS|TAMS 0x0000000090500000, 0x0000000090500000| Complete 
| 262|0x0000000090600000, 0x0000000090700000, 0x0000000090700000|100%| E|CS|TAMS 0x0000000090600000, 0x0000000090600000| Complete 
| 263|0x0000000090700000, 0x0000000090800000, 0x0000000090800000|100%| E|CS|TAMS 0x0000000090700000, 0x0000000090700000| Complete 
| 264|0x0000000090800000, 0x0000000090900000, 0x0000000090900000|100%| E|CS|TAMS 0x0000000090800000, 0x0000000090800000| Complete 
| 265|0x0000000090900000, 0x0000000090a00000, 0x0000000090a00000|100%| E|CS|TAMS 0x0000000090900000, 0x0000000090900000| Complete 
| 266|0x0000000090a00000, 0x0000000090b00000, 0x0000000090b00000|100%| E|CS|TAMS 0x0000000090a00000, 0x0000000090a00000| Complete 

Card table byte_map: [0x00000264c7100000,0x00000264c7500000] _byte_map_base: 0x00000264c6d00000

Marking Bits (Prev, Next): (CMBitMap*) 0x00000264b412de78, (CMBitMap*) 0x00000264b412deb0
 Prev Bits: [0x00000264c7900000, 0x00000264c9900000)
 Next Bits: [0x00000264c9900000, 0x00000264cb900000)

Polling page: 0x00000264b1f80000

Metaspace:

Usage:
  Non-class:    113.69 MB capacity,   111.64 MB ( 98%) used,     1.68 MB (  1%) free+waste,   380.38 KB ( <1%) overhead. 
      Class:     16.91 MB capacity,    15.70 MB ( 93%) used,     1.05 MB (  6%) free+waste,   169.00 KB ( <1%) overhead. 
       Both:    130.60 MB capacity,   127.34 MB ( 98%) used,     2.73 MB (  2%) free+waste,   549.38 KB ( <1%) overhead. 

Virtual space:
  Non-class space:      114.00 MB reserved,     113.92 MB (>99%) committed 
      Class space:        1.00 GB reserved,      17.00 MB (  2%) committed 
             Both:        1.11 GB reserved,     130.92 MB ( 12%) committed 

Chunk freelists:
   Non-Class:  42.00 KB
       Class:  27.00 KB
        Both:  69.00 KB

MaxMetaspaceSize: 17179869184.00 GB
CompressedClassSpaceSize: 1.00 GB

CodeHeap 'non-profiled nmethods': size=120064Kb used=14545Kb max_used=14545Kb free=105518Kb
 bounds [0x00000264bf6b0000, 0x00000264c04f0000, 0x00000264c6bf0000]
CodeHeap 'profiled nmethods': size=120000Kb used=45326Kb max_used=45326Kb free=74673Kb
 bounds [0x00000264b8180000, 0x00000264bade0000, 0x00000264bf6b0000]
CodeHeap 'non-nmethods': size=5696Kb used=2378Kb max_used=2425Kb free=3317Kb
 bounds [0x00000264b7bf0000, 0x00000264b7e60000, 0x00000264b8180000]
 total_blobs=20649 nmethods=19642 adapters=917
 compilation: enabled
              stopped_count=0, restarted_count=0
 full_count=0

Compilation events (20 events):
Event: 212.851 Thread 0x00000264ce158000 21302       3       com.android.ide.common.blame.SourceFilePosition::toString (6 bytes)
Event: 212.851 Thread 0x00000264ce158000 nmethod 21302 0x00000264badd4f90 code [0x00000264badd5140, 0x00000264badd5268]
Event: 212.851 Thread 0x00000264ce158000 21303       3       com.android.ide.common.blame.SourceFile::print (111 bytes)
Event: 212.852 Thread 0x00000264ce158000 nmethod 21303 0x00000264badd5310 code [0x00000264badd55e0, 0x00000264badd64c8]
Event: 212.855 Thread 0x00000264ce158000 21304       1       org.gradle.api.internal.tasks.properties.DefaultCacheableOutputFilePropertySpec::getOutputType (5 bytes)
Event: 212.855 Thread 0x00000264ce158000 nmethod 21304 0x00000264c04e4c10 code [0x00000264c04e4dc0, 0x00000264c04e4e78]
Event: 212.856 Thread 0x00000264ce14c000 nmethod 21297 0x00000264c04e4f10 code [0x00000264c04e50e0, 0x00000264c04e58a8]
Event: 212.856 Thread 0x00000264ce14c000 21301   !   4       java.util.Formatter::format (280 bytes)
Event: 212.890 Thread 0x00000264ce158000 21305       3       org.gradle.api.internal.GeneratedSubclasses::unpackType (22 bytes)
Event: 212.891 Thread 0x00000264ce158000 nmethod 21305 0x00000264badd6910 code [0x00000264badd6ae0, 0x00000264badd6f08]
Event: 212.891 Thread 0x00000264ce158000 21306       3       org.gradle.internal.operations.DefaultBuildOperationListenerManager$ProgressShieldingBuildOperationListener::progress (25 bytes)
Event: 212.891 Thread 0x00000264ce158000 nmethod 21306 0x00000264badd7010 code [0x00000264badd71e0, 0x00000264badd74b8]
Event: 212.895 Thread 0x00000264ce158000 21307       3       org.gradle.api.internal.tasks.properties.bean.RuntimeBeanNode::<init> (20 bytes)
Event: 212.895 Thread 0x00000264ce158000 nmethod 21307 0x00000264badd7610 code [0x00000264badd7820, 0x00000264badd7ef8]
Event: 212.895 Thread 0x00000264ce158000 21308       3       org.gradle.api.internal.tasks.properties.AbstractPropertyNode::<init> (20 bytes)
Event: 212.895 Thread 0x00000264ce158000 nmethod 21308 0x00000264badd8110 code [0x00000264badd82c0, 0x00000264badd8538]
Event: 212.899 Thread 0x00000264ce158000 21309       3       com.google.gson.internal.bind.ReflectiveTypeAdapterFactory::excludeField (10 bytes)
Event: 212.900 Thread 0x00000264ce158000 nmethod 21309 0x00000264badd8610 code [0x00000264badd8800, 0x00000264badd8be8]
Event: 212.900 Thread 0x00000264ce158000 21310       3       com.google.gson.internal.bind.ReflectiveTypeAdapterFactory::excludeField (27 bytes)
Event: 212.900 Thread 0x00000264ce158000 nmethod 21310 0x00000264badd8d90 code [0x00000264badd8f80, 0x00000264badd92c8]

GC Heap History (20 events):
Event: 207.365 GC heap before
{Heap before GC invocations=109 (full 0):
 garbage-first heap   total 227328K, used 206276K [0x0000000080000000, 0x0000000100000000)
  region size 1024K, 31 young (31744K), 1 survivors (1024K)
 Metaspace       used 122199K, capacity 125613K, committed 125872K, reserved 1159168K
  class space    used 15334K, capacity 16573K, committed 16640K, reserved 1048576K
}
Event: 207.368 GC heap after
{Heap after GC invocations=110 (full 0):
 garbage-first heap   total 227328K, used 161433K [0x0000000080000000, 0x0000000100000000)
  region size 1024K, 3 young (3072K), 3 survivors (3072K)
 Metaspace       used 122199K, capacity 125613K, committed 125872K, reserved 1159168K
  class space    used 15334K, capacity 16573K, committed 16640K, reserved 1048576K
}
Event: 207.430 GC heap before
{Heap before GC invocations=110 (full 0):
 garbage-first heap   total 227328K, used 169625K [0x0000000080000000, 0x0000000100000000)
  region size 1024K, 11 young (11264K), 3 survivors (3072K)
 Metaspace       used 122642K, capacity 125968K, committed 126128K, reserved 1159168K
  class space    used 15369K, capacity 16606K, committed 16640K, reserved 1048576K
}
Event: 207.433 GC heap after
{Heap after GC invocations=111 (full 0):
 garbage-first heap   total 227328K, used 162273K [0x0000000080000000, 0x0000000100000000)
  region size 1024K, 2 young (2048K), 2 survivors (2048K)
 Metaspace       used 122642K, capacity 125968K, committed 126128K, reserved 1159168K
  class space    used 15369K, capacity 16606K, committed 16640K, reserved 1048576K
}
Event: 207.649 GC heap before
{Heap before GC invocations=111 (full 0):
 garbage-first heap   total 227328K, used 189921K [0x0000000080000000, 0x0000000100000000)
  region size 1024K, 30 young (30720K), 2 survivors (2048K)
 Metaspace       used 125674K, capacity 129035K, committed 129200K, reserved 1161216K
  class space    used 15603K, capacity 16830K, committed 16896K, reserved 1048576K
}
Event: 207.654 GC heap after
{Heap after GC invocations=112 (full 0):
 garbage-first heap   total 227328K, used 165827K [0x0000000080000000, 0x0000000100000000)
  region size 1024K, 4 young (4096K), 4 survivors (4096K)
 Metaspace       used 125674K, capacity 129035K, committed 129200K, reserved 1161216K
  class space    used 15603K, capacity 16830K, committed 16896K, reserved 1048576K
}
Event: 207.745 GC heap before
{Heap before GC invocations=112 (full 0):
 garbage-first heap   total 227328K, used 193475K [0x0000000080000000, 0x0000000100000000)
  region size 1024K, 31 young (31744K), 4 survivors (4096K)
 Metaspace       used 126124K, capacity 129515K, committed 129712K, reserved 1163264K
  class space    used 15625K, capacity 16862K, committed 16896K, reserved 1048576K
}
Event: 207.752 GC heap after
{Heap after GC invocations=113 (full 0):
 garbage-first heap   total 227328K, used 171975K [0x0000000080000000, 0x0000000100000000)
  region size 1024K, 4 young (4096K), 4 survivors (4096K)
 Metaspace       used 126124K, capacity 129515K, committed 129712K, reserved 1163264K
  class space    used 15625K, capacity 16862K, committed 16896K, reserved 1048576K
}
Event: 208.004 GC heap before
{Heap before GC invocations=113 (full 0):
 garbage-first heap   total 227328K, used 193479K [0x0000000080000000, 0x0000000100000000)
  region size 1024K, 25 young (25600K), 4 survivors (4096K)
 Metaspace       used 126194K, capacity 129579K, committed 129712K, reserved 1163264K
  class space    used 15625K, capacity 16862K, committed 16896K, reserved 1048576K
}
Event: 208.011 GC heap after
{Heap after GC invocations=114 (full 0):
 garbage-first heap   total 273408K, used 169493K [0x0000000080000000, 0x0000000100000000)
  region size 1024K, 1 young (1024K), 1 survivors (1024K)
 Metaspace       used 126194K, capacity 129579K, committed 129712K, reserved 1163264K
  class space    used 15625K, capacity 16862K, committed 16896K, reserved 1048576K
}
Event: 208.697 GC heap before
{Heap before GC invocations=115 (full 0):
 garbage-first heap   total 273408K, used 200213K [0x0000000080000000, 0x0000000100000000)
  region size 1024K, 45 young (46080K), 1 survivors (1024K)
 Metaspace       used 126830K, capacity 130147K, committed 130352K, reserved 1163264K
  class space    used 15673K, capacity 16902K, committed 17024K, reserved 1048576K
}
Event: 208.698 GC heap after
{Heap after GC invocations=116 (full 0):
 garbage-first heap   total 273408K, used 156263K [0x0000000080000000, 0x0000000100000000)
  region size 1024K, 1 young (1024K), 1 survivors (1024K)
 Metaspace       used 126830K, capacity 130147K, committed 130352K, reserved 1163264K
  class space    used 15673K, capacity 16902K, committed 17024K, reserved 1048576K
}
Event: 208.733 GC heap before
{Heap before GC invocations=116 (full 0):
 garbage-first heap   total 273408K, used 167527K [0x0000000080000000, 0x0000000100000000)
  region size 1024K, 13 young (13312K), 1 survivors (1024K)
 Metaspace       used 126830K, capacity 130147K, committed 130352K, reserved 1163264K
  class space    used 15673K, capacity 16902K, committed 17024K, reserved 1048576K
}
Event: 208.737 GC heap after
{Heap after GC invocations=117 (full 0):
 garbage-first heap   total 273408K, used 143580K [0x0000000080000000, 0x0000000100000000)
  region size 1024K, 1 young (1024K), 1 survivors (1024K)
 Metaspace       used 126830K, capacity 130147K, committed 130352K, reserved 1163264K
  class space    used 15673K, capacity 16902K, committed 17024K, reserved 1048576K
}
Event: 208.896 GC heap before
{Heap before GC invocations=117 (full 0):
 garbage-first heap   total 273408K, used 206044K [0x0000000080000000, 0x0000000100000000)
  region size 1024K, 62 young (63488K), 1 survivors (1024K)
 Metaspace       used 126830K, capacity 130147K, committed 130352K, reserved 1163264K
  class space    used 15673K, capacity 16902K, committed 17024K, reserved 1048576K
}
Event: 208.898 GC heap after
{Heap after GC invocations=118 (full 0):
 garbage-first heap   total 273408K, used 144531K [0x0000000080000000, 0x0000000100000000)
  region size 1024K, 2 young (2048K), 2 survivors (2048K)
 Metaspace       used 126830K, capacity 130147K, committed 130352K, reserved 1163264K
  class space    used 15673K, capacity 16902K, committed 17024K, reserved 1048576K
}
Event: 209.435 GC heap before
{Heap before GC invocations=118 (full 0):
 garbage-first heap   total 273408K, used 211091K [0x0000000080000000, 0x0000000100000000)
  region size 1024K, 66 young (67584K), 2 survivors (2048K)
 Metaspace       used 127628K, capacity 131027K, committed 131120K, reserved 1163264K
  class space    used 15755K, capacity 17000K, committed 17024K, reserved 1048576K
}
Event: 209.459 GC heap after
{Heap after GC invocations=119 (full 0):
 garbage-first heap   total 273408K, used 141656K [0x0000000080000000, 0x0000000100000000)
  region size 1024K, 2 young (2048K), 2 survivors (2048K)
 Metaspace       used 127628K, capacity 131027K, committed 131120K, reserved 1163264K
  class space    used 15755K, capacity 17000K, committed 17024K, reserved 1048576K
}
Event: 210.740 GC heap before
{Heap before GC invocations=119 (full 0):
 garbage-first heap   total 273408K, used 210264K [0x0000000080000000, 0x0000000100000000)
  region size 1024K, 70 young (71680K), 2 survivors (2048K)
 Metaspace       used 127977K, capacity 131328K, committed 131376K, reserved 1163264K
  class space    used 15780K, capacity 17006K, committed 17024K, reserved 1048576K
}
Event: 210.756 GC heap after
{Heap after GC invocations=120 (full 0):
 garbage-first heap   total 273408K, used 143644K [0x0000000080000000, 0x0000000100000000)
  region size 1024K, 4 young (4096K), 4 survivors (4096K)
 Metaspace       used 127977K, capacity 131328K, committed 131376K, reserved 1163264K
  class space    used 15780K, capacity 17006K, committed 17024K, reserved 1048576K
}

Deoptimization events (20 events):
Event: 212.651 Thread 0x00000264d8b73000 DEOPT PACKING pc=0x00000264ba9830f2 sp=0x000000aa20ff9ac0
Event: 212.651 Thread 0x00000264d8b73000 DEOPT UNPACKING pc=0x00000264b7c16dde sp=0x000000aa20ff8ff0 mode 0
Event: 212.652 Thread 0x00000264d8b73000 DEOPT PACKING pc=0x00000264ba8c1f87 sp=0x000000aa20ff9b40
Event: 212.652 Thread 0x00000264d8b73000 DEOPT UNPACKING pc=0x00000264b7c16dde sp=0x000000aa20ff9050 mode 0
Event: 212.656 Thread 0x00000264d8b73000 DEOPT PACKING pc=0x00000264ba9830f2 sp=0x000000aa20ff9ac0
Event: 212.656 Thread 0x00000264d8b73000 DEOPT UNPACKING pc=0x00000264b7c16dde sp=0x000000aa20ff8ff0 mode 0
Event: 212.662 Thread 0x00000264d8b73000 DEOPT PACKING pc=0x00000264ba982fee sp=0x000000aa20ff9ac0
Event: 212.662 Thread 0x00000264d8b73000 DEOPT UNPACKING pc=0x00000264b7c16dde sp=0x000000aa20ff8ff0 mode 0
Event: 212.666 Thread 0x00000264d8b73000 DEOPT PACKING pc=0x00000264ba8c1f87 sp=0x000000aa20ff9b40
Event: 212.667 Thread 0x00000264d8b73000 DEOPT UNPACKING pc=0x00000264b7c16dde sp=0x000000aa20ff9050 mode 0
Event: 212.671 Thread 0x00000264d8b73000 DEOPT PACKING pc=0x00000264ba982fee sp=0x000000aa20ff9ac0
Event: 212.671 Thread 0x00000264d8b73000 DEOPT UNPACKING pc=0x00000264b7c16dde sp=0x000000aa20ff8ff0 mode 0
Event: 212.708 Thread 0x00000264d8b73000 Uncommon trap: trap_request=0xffffff4d fr.pc=0x00000264bfa5d124 relative=0x0000000000000924
Event: 212.708 Thread 0x00000264d8b73000 Uncommon trap: reason=unstable_if action=reinterpret pc=0x00000264bfa5d124 method=org.apache.xerces.dom.ParentNode.internalInsertBefore(Lorg/w3c/dom/Node;Lorg/w3c/dom/Node;Z)Lorg/w3c/dom/Node; @ 562 c2
Event: 212.708 Thread 0x00000264d8b73000 DEOPT PACKING pc=0x00000264bfa5d124 sp=0x000000aa20ffa260
Event: 212.708 Thread 0x00000264d8b73000 DEOPT UNPACKING pc=0x00000264b7c1662f sp=0x000000aa20ffa208 mode 2
Event: 212.802 Thread 0x00000264d8b73000 Uncommon trap: trap_request=0xffffffc6 fr.pc=0x00000264c0179a24 relative=0x0000000000000824
Event: 212.802 Thread 0x00000264d8b73000 Uncommon trap: reason=bimorphic_or_optimized_type_check action=maybe_recompile pc=0x00000264c0179a24 method=java.util.HashMap.removeNode(ILjava/lang/Object;Ljava/lang/Object;ZZ)Ljava/util/HashMap$Node; @ 68 c2
Event: 212.802 Thread 0x00000264d8b73000 DEOPT PACKING pc=0x00000264c0179a24 sp=0x000000aa20ff9f20
Event: 212.802 Thread 0x00000264d8b73000 DEOPT UNPACKING pc=0x00000264b7c1662f sp=0x000000aa20ff9eb8 mode 2

Classes redefined (0 events):
No events

Internal exceptions (20 events):
Event: 208.433 Thread 0x00000264d8b72000 Exception <a 'sun/nio/fs/WindowsException'{0x000000008fa5ce08}> (0x000000008fa5ce08) thrown at [./src/hotspot/share/prims/jni.cpp, line 615]
Event: 209.206 Thread 0x00000264d8b72000 Implicit null exception at 0x00000264bf9d529b to 0x00000264bf9d5a54
Event: 209.221 Thread 0x00000264d8b72000 Exception <a 'sun/nio/fs/WindowsException'{0x000000008db61630}> (0x000000008db61630) thrown at [./src/hotspot/share/prims/jni.cpp, line 615]
Event: 209.221 Thread 0x00000264d8b72000 Exception <a 'sun/nio/fs/WindowsException'{0x000000008db624f8}> (0x000000008db624f8) thrown at [./src/hotspot/share/prims/jni.cpp, line 615]
Event: 209.308 Thread 0x00000264d917e000 Implicit null exception at 0x00000264c02cacc8 to 0x00000264c02cb158
Event: 209.308 Thread 0x00000264d917e000 Implicit null exception at 0x00000264c02cacc8 to 0x00000264c02cb158
Event: 209.308 Thread 0x00000264d917e000 Implicit null exception at 0x00000264c02cacc8 to 0x00000264c02cb158
Event: 209.308 Thread 0x00000264d917e000 Implicit null exception at 0x00000264c02cacc8 to 0x00000264c02cb158
Event: 209.328 Thread 0x00000264ceb59000 Exception <a 'sun/nio/fs/WindowsException'{0x000000008d2431d8}> (0x000000008d2431d8) thrown at [./src/hotspot/share/prims/jni.cpp, line 615]
Event: 209.329 Thread 0x00000264ceb59000 Exception <a 'sun/nio/fs/WindowsException'{0x000000008d244b60}> (0x000000008d244b60) thrown at [./src/hotspot/share/prims/jni.cpp, line 615]
Event: 209.337 Thread 0x00000264d9184800 Exception <a 'sun/nio/fs/WindowsException'{0x000000008d2f1d78}> (0x000000008d2f1d78) thrown at [./src/hotspot/share/prims/jni.cpp, line 615]
Event: 210.357 Thread 0x00000264d8b74000 Exception <a 'java/lang/NoSuchMethodError'{0x000000008ffd1380}: <clinit>> (0x000000008ffd1380) thrown at [./src/hotspot/share/prims/jni.cpp, line 1362]
Event: 210.627 Thread 0x00000264ceb5a000 Exception <a 'java/lang/NoSuchMethodError'{0x000000008d2a5550}: <clinit>> (0x000000008d2a5550) thrown at [./src/hotspot/share/prims/jni.cpp, line 1362]
Event: 210.627 Thread 0x00000264ceb5a000 Exception <a 'java/lang/NoSuchMethodError'{0x000000008d2be348}: <clinit>> (0x000000008d2be348) thrown at [./src/hotspot/share/prims/jni.cpp, line 1362]
Event: 212.104 Thread 0x00000264d8b73000 Exception <a 'sun/nio/fs/WindowsException'{0x000000008ed0ebd0}> (0x000000008ed0ebd0) thrown at [./src/hotspot/share/prims/jni.cpp, line 615]
Event: 212.104 Thread 0x00000264d8b73000 Exception <a 'sun/nio/fs/WindowsException'{0x000000008ed0fad8}> (0x000000008ed0fad8) thrown at [./src/hotspot/share/prims/jni.cpp, line 615]
Event: 212.104 Thread 0x00000264d8b73000 Exception <a 'sun/nio/fs/WindowsException'{0x000000008ed0fe30}> (0x000000008ed0fe30) thrown at [./src/hotspot/share/prims/jni.cpp, line 615]
Event: 212.104 Thread 0x00000264d8b73000 Exception <a 'sun/nio/fs/WindowsException'{0x000000008ed10cf8}> (0x000000008ed10cf8) thrown at [./src/hotspot/share/prims/jni.cpp, line 615]
Event: 212.105 Thread 0x00000264d8b73000 Exception <a 'sun/nio/fs/WindowsException'{0x000000008ed11030}> (0x000000008ed11030) thrown at [./src/hotspot/share/prims/jni.cpp, line 615]
Event: 212.105 Thread 0x00000264d8b73000 Exception <a 'sun/nio/fs/WindowsException'{0x000000008ed12138}> (0x000000008ed12138) thrown at [./src/hotspot/share/prims/jni.cpp, line 615]

Events (20 events):
Event: 212.959 loading class kotlin/reflect/jvm/internal/impl/descriptors/runtime/components/ReflectKotlinClassFinder
Event: 212.959 loading class kotlin/reflect/jvm/internal/impl/descriptors/runtime/components/ReflectKotlinClassFinder done
Event: 212.960 loading class kotlin/reflect/jvm/internal/impl/load/kotlin/KotlinClassFinder
Event: 212.960 loading class kotlin/reflect/jvm/internal/impl/load/kotlin/KotlinClassFinder done
Event: 212.960 loading class kotlin/reflect/jvm/internal/impl/serialization/deserialization/KotlinMetadataFinder
Event: 212.960 loading class kotlin/reflect/jvm/internal/impl/serialization/deserialization/KotlinMetadataFinder done
Event: 212.961 loading class kotlin/reflect/jvm/internal/impl/serialization/deserialization/builtins/BuiltInsResourceLoader
Event: 212.961 loading class kotlin/reflect/jvm/internal/impl/serialization/deserialization/builtins/BuiltInsResourceLoader done
Event: 212.961 loading class kotlin/reflect/jvm/internal/impl/load/kotlin/DeserializedDescriptorResolver
Event: 212.961 loading class kotlin/reflect/jvm/internal/impl/load/kotlin/DeserializedDescriptorResolver done
Event: 212.962 loading class kotlin/reflect/jvm/internal/impl/protobuf/InvalidProtocolBufferException
Event: 212.962 loading class kotlin/reflect/jvm/internal/impl/protobuf/InvalidProtocolBufferException done
Event: 212.964 loading class kotlin/reflect/jvm/internal/impl/load/kotlin/DeserializedDescriptorResolver$Companion
Event: 212.964 loading class kotlin/reflect/jvm/internal/impl/load/kotlin/DeserializedDescriptorResolver$Companion done
Event: 212.964 loading class kotlin/reflect/jvm/internal/impl/load/kotlin/header/KotlinClassHeader$Kind
Event: 212.964 loading class kotlin/reflect/jvm/internal/impl/load/kotlin/header/KotlinClassHeader$Kind done
Event: 212.965 loading class kotlin/reflect/jvm/internal/impl/load/kotlin/header/KotlinClassHeader$Kind$Companion
Event: 212.965 loading class kotlin/reflect/jvm/internal/impl/load/kotlin/header/KotlinClassHeader$Kind$Companion done
Event: 212.966 loading class kotlin/reflect/jvm/internal/impl/metadata/jvm/deserialization/JvmMetadataVersion
Event: 212.966 loading class kotlin/reflect/jvm/internal/impl/metadata/jvm/deserialization/JvmMetadataVersion done


Dynamic libraries:
0x00007ff6f6910000 - 0x00007ff6f691a000 	C:\Users\TheKoopaKing\Documents\AndroidStudio\jre\bin\java.exe
0x00007ffc8d5d0000 - 0x00007ffc8d7c8000 	C:\WINDOWS\SYSTEM32\ntdll.dll
0x00007ffc8b8d0000 - 0x00007ffc8b98d000 	C:\WINDOWS\System32\KERNEL32.DLL
0x00007ffc8b0c0000 - 0x00007ffc8b38e000 	C:\WINDOWS\System32\KERNELBASE.dll
0x00007ffc8b530000 - 0x00007ffc8b630000 	C:\WINDOWS\System32\ucrtbase.dll
0x00007ffc7a6d0000 - 0x00007ffc7a6e9000 	C:\Users\TheKoopaKing\Documents\AndroidStudio\jre\bin\jli.dll
0x00007ffc79f70000 - 0x00007ffc79f87000 	C:\Users\TheKoopaKing\Documents\AndroidStudio\jre\bin\VCRUNTIME140.dll
0x00007ffc8c4c0000 - 0x00007ffc8c660000 	C:\WINDOWS\System32\USER32.dll
0x00007ffc8acf0000 - 0x00007ffc8ad12000 	C:\WINDOWS\System32\win32u.dll
0x00007ffc8b7c0000 - 0x00007ffc8b7ea000 	C:\WINDOWS\System32\GDI32.dll
0x00007ffc7c760000 - 0x00007ffc7c9fa000 	C:\WINDOWS\WinSxS\amd64_microsoft.windows.common-controls_6595b64144ccf1df_6.0.19041.1110_none_60b5254171f9507e\COMCTL32.dll
0x00007ffc8b420000 - 0x00007ffc8b52b000 	C:\WINDOWS\System32\gdi32full.dll
0x00007ffc8aec0000 - 0x00007ffc8af5d000 	C:\WINDOWS\System32\msvcp_win.dll
0x00007ffc8b990000 - 0x00007ffc8ba2e000 	C:\WINDOWS\System32\msvcrt.dll
0x00007ffc8b7f0000 - 0x00007ffc8b820000 	C:\WINDOWS\System32\IMM32.DLL
0x00007ffc5cef0000 - 0x00007ffc5cf8d000 	C:\Users\TheKoopaKing\Documents\AndroidStudio\jre\bin\msvcp140.dll
0x00007ffc42c80000 - 0x00007ffc43755000 	C:\Users\TheKoopaKing\Documents\AndroidStudio\jre\bin\server\jvm.dll
0x00007ffc8b710000 - 0x00007ffc8b7be000 	C:\WINDOWS\System32\ADVAPI32.dll
0x00007ffc8b830000 - 0x00007ffc8b8cc000 	C:\WINDOWS\System32\sechost.dll
0x00007ffc8c380000 - 0x00007ffc8c4a5000 	C:\WINDOWS\System32\RPCRT4.dll
0x00007ffc8b820000 - 0x00007ffc8b828000 	C:\WINDOWS\System32\PSAPI.DLL
0x00007ffc7dbf0000 - 0x00007ffc7dc17000 	C:\WINDOWS\SYSTEM32\WINMM.dll
0x00007ffc85d10000 - 0x00007ffc85d1a000 	C:\WINDOWS\SYSTEM32\VERSION.dll
0x00007ffc84170000 - 0x00007ffc84179000 	C:\WINDOWS\SYSTEM32\WSOCK32.dll
0x00007ffc8bda0000 - 0x00007ffc8be0b000 	C:\WINDOWS\System32\WS2_32.dll
0x00007ffc88bc0000 - 0x00007ffc88bd2000 	C:\WINDOWS\SYSTEM32\kernel.appcore.dll
0x00007ffc7f440000 - 0x00007ffc7f451000 	C:\Users\TheKoopaKing\Documents\AndroidStudio\jre\bin\verify.dll
0x00007ffc85110000 - 0x00007ffc852f4000 	C:\WINDOWS\SYSTEM32\DBGHELP.DLL
0x00007ffc854d0000 - 0x00007ffc854fc000 	C:\WINDOWS\SYSTEM32\dbgcore.DLL
0x00007ffc8b390000 - 0x00007ffc8b412000 	C:\WINDOWS\System32\bcryptPrimitives.dll
0x00007ffc7f2f0000 - 0x00007ffc7f319000 	C:\Users\TheKoopaKing\Documents\AndroidStudio\jre\bin\java.dll
0x00007ffc801b0000 - 0x00007ffc801bb000 	C:\Users\TheKoopaKing\Documents\AndroidStudio\jre\bin\jimage.dll
0x00007ffc7f190000 - 0x00007ffc7f1a8000 	C:\Users\TheKoopaKing\Documents\AndroidStudio\jre\bin\zip.dll
0x00007ffc8cde0000 - 0x00007ffc8d523000 	C:\WINDOWS\System32\SHELL32.dll
0x00007ffc88dc0000 - 0x00007ffc89555000 	C:\WINDOWS\SYSTEM32\windows.storage.dll
0x00007ffc8c020000 - 0x00007ffc8c374000 	C:\WINDOWS\System32\combase.dll
0x00007ffc8a680000 - 0x00007ffc8a6b0000 	C:\WINDOWS\SYSTEM32\Wldp.dll
0x00007ffc8c8c0000 - 0x00007ffc8c96d000 	C:\WINDOWS\System32\SHCORE.dll
0x00007ffc8d530000 - 0x00007ffc8d585000 	C:\WINDOWS\System32\shlwapi.dll
0x00007ffc8ac30000 - 0x00007ffc8ac4f000 	C:\WINDOWS\SYSTEM32\profapi.dll
0x00007ffc7ca40000 - 0x00007ffc7ca5a000 	C:\Users\TheKoopaKing\Documents\AndroidStudio\jre\bin\net.dll
0x00007ffc86590000 - 0x00007ffc8669a000 	C:\WINDOWS\SYSTEM32\WINHTTP.dll
0x00007ffc8a390000 - 0x00007ffc8a3fa000 	C:\WINDOWS\system32\mswsock.dll
0x00007ffc7ad20000 - 0x00007ffc7ad34000 	C:\Users\TheKoopaKing\Documents\AndroidStudio\jre\bin\nio.dll
0x00007ffc77670000 - 0x00007ffc77697000 	C:\Users\TheKoopaKing\.gradle\native\e1d6ef7f7dcc3fd88c89a11ec53ec762bb8ba0a96d01ffa2cd45eb1d1d8dd5c5\windows-amd64\native-platform.dll
0x00007ffc49660000 - 0x00007ffc497a4000 	C:\Users\TheKoopaKing\.gradle\native\5664cfc778a61ccfe75a443a1ab52a65af34e5dc3c78e0209fed803814484fcb\windows-amd64\native-platform-file-events.dll
0x00007ffc7f3c0000 - 0x00007ffc7f3ca000 	C:\Users\TheKoopaKing\Documents\AndroidStudio\jre\bin\management.dll
0x00007ffc7f2e0000 - 0x00007ffc7f2ed000 	C:\Users\TheKoopaKing\Documents\AndroidStudio\jre\bin\management_ext.dll
0x00007ffc8a540000 - 0x00007ffc8a558000 	C:\WINDOWS\SYSTEM32\CRYPTSP.dll
0x00007ffc89d20000 - 0x00007ffc89d54000 	C:\WINDOWS\system32\rsaenh.dll
0x00007ffc8ad70000 - 0x00007ffc8ad97000 	C:\WINDOWS\System32\bcrypt.dll
0x00007ffc8abf0000 - 0x00007ffc8ac1e000 	C:\WINDOWS\SYSTEM32\USERENV.dll
0x00007ffc8a560000 - 0x00007ffc8a56c000 	C:\WINDOWS\SYSTEM32\CRYPTBASE.dll
0x00007ffc8a090000 - 0x00007ffc8a0cb000 	C:\WINDOWS\SYSTEM32\IPHLPAPI.DLL
0x00007ffc8bd90000 - 0x00007ffc8bd98000 	C:\WINDOWS\System32\NSI.dll
0x00007ffc859f0000 - 0x00007ffc85a07000 	C:\WINDOWS\SYSTEM32\dhcpcsvc6.DLL
0x00007ffc85bd0000 - 0x00007ffc85bed000 	C:\WINDOWS\SYSTEM32\dhcpcsvc.DLL
0x00007ffc8a0d0000 - 0x00007ffc8a19a000 	C:\WINDOWS\SYSTEM32\DNSAPI.dll
0x00007ffc7cd40000 - 0x00007ffc7cd67000 	C:\Users\TheKoopaKing\Documents\AndroidStudio\jre\bin\sunec.dll
0x00007ffc813c0000 - 0x00007ffc813ca000 	C:\Windows\System32\rasadhlp.dll
0x00007ffc83240000 - 0x00007ffc832c0000 	C:\WINDOWS\System32\fwpuclnt.dll
0x00007ffc899b0000 - 0x00007ffc899e3000 	C:\WINDOWS\SYSTEM32\ntmarta.dll

dbghelp: loaded successfully - version: 4.0.5 - missing functions: none
symbol engine: initialized successfully - sym options: 0x614 - pdb path: .;C:\Users\TheKoopaKing\Documents\AndroidStudio\jre\bin;C:\WINDOWS\SYSTEM32;C:\WINDOWS\WinSxS\amd64_microsoft.windows.common-controls_6595b64144ccf1df_6.0.19041.1110_none_60b5254171f9507e;C:\Users\TheKoopaKing\Documents\AndroidStudio\jre\bin\server;C:\Users\TheKoopaKing\.gradle\native\e1d6ef7f7dcc3fd88c89a11ec53ec762bb8ba0a96d01ffa2cd45eb1d1d8dd5c5\windows-amd64;C:\Users\TheKoopaKing\.gradle\native\5664cfc778a61ccfe75a443a1ab52a65af34e5dc3c78e0209fed803814484fcb\windows-amd64

VM Arguments:
jvm_args: --add-opens=java.base/java.util=ALL-UNNAMED --add-opens=java.base/java.lang=ALL-UNNAMED --add-opens=java.base/java.lang.invoke=ALL-UNNAMED --add-opens=java.base/java.util=ALL-UNNAMED --add-opens=java.prefs/java.util.prefs=ALL-UNNAMED --add-opens=java.prefs/java.util.prefs=ALL-UNNAMED --add-opens=java.base/java.nio.charset=ALL-UNNAMED --add-opens=java.base/java.net=ALL-UNNAMED --add-opens=java.base/java.util.concurrent.atomic=ALL-UNNAMED -Xmx2048m -Dfile.encoding=UTF-8 -Duser.country=US -Duser.language=en -Duser.variant 
java_command: org.gradle.launcher.daemon.bootstrap.GradleDaemon 7.2
java_class_path (initial): C:\Users\TheKoopaKing\.gradle\wrapper\dists\gradle-7.2-bin\2dnblmf4td7x66yl1d74lt32g\gradle-7.2\lib\gradle-launcher-7.2.jar
Launcher Type: SUN_STANDARD

[Global flags]
     intx CICompilerCount                          = 3                                         {product} {ergonomic}
     uint ConcGCThreads                            = 2                                         {product} {ergonomic}
     uint G1ConcRefinementThreads                  = 6                                         {product} {ergonomic}
   size_t G1HeapRegionSize                         = 1048576                                   {product} {ergonomic}
    uintx GCDrainStackTargetSize                   = 64                                        {product} {ergonomic}
   size_t InitialHeapSize                          = 134217728                                 {product} {ergonomic}
   size_t MarkStackSize                            = 4194304                                   {product} {ergonomic}
   size_t MaxHeapSize                              = 2147483648                                {product} {command line}
   size_t MaxNewSize                               = 1287651328                                {product} {ergonomic}
   size_t MinHeapDeltaBytes                        = 1048576                                   {product} {ergonomic}
    uintx NonNMethodCodeHeapSize                   = 5830732                                {pd product} {ergonomic}
    uintx NonProfiledCodeHeapSize                  = 122913754                              {pd product} {ergonomic}
    uintx ProfiledCodeHeapSize                     = 122913754                              {pd product} {ergonomic}
    uintx ReservedCodeCacheSize                    = 251658240                              {pd product} {ergonomic}
     bool SegmentedCodeCache                       = true                                      {product} {ergonomic}
     bool UseCompressedClassPointers               = true                                 {lp64_product} {ergonomic}
     bool UseCompressedOops                        = true                                 {lp64_product} {ergonomic}
     bool UseG1GC                                  = true                                      {product} {ergonomic}
     bool UseLargePagesIndividualAllocation        = false                                  {pd product} {ergonomic}

Logging:
Log output configuration:
 #0: stdout all=warning uptime,level,tags
 #1: stderr all=off uptime,level,tags

Environment Variables:
PATH=C:\Program Files\Common Files\Oracle\Java\javapath;C:\WINDOWS\system32;C:\WINDOWS;C:\WINDOWS\System32\Wbem;C:\WINDOWS\System32\WindowsPowerShell\v1.0\;C:\Program Files (x86)\Windows Live\Shared;C:\WINDOWS\System32\OpenSSH\;C:\Program Files (x86)\NVIDIA Corporation\PhysX\Common;C:\Users\TheKoopaKing\Documents\MinGW\bin;C:\Program Files\PuTTY\;C:\WINDOWS\system32;C:\WINDOWS;C:\WINDOWS\System32\Wbem;C:\WINDOWS\System32\WindowsPowerShell\v1.0\;C:\WINDOWS\System32\OpenSSH\;C:\Program Files (x86)\dotnet\;C:\Program Files\Git\cmd;C:\Program Files\Docker\Docker\resources\bin;C:\ProgramData\DockerDesktop\version-bin;C:\Program Files (x86)\sbt\bin;C:\ProgramData\chocolatey\bin;C:\Users\TheKoopaKing\Documents\Scripts\;C:\Users\TheKoopaKing\Documents\;C:\Users\TheKoopaKing\AppData\Local\Microsoft\WindowsApps;C:\Users\TheKoopaKing\Documents\VS Code\Microsoft VS Code\bin;C:\Users\TheKoopaKing\Documents\Maven\apache-maven-3.6.3\bin;C:\Users\TheKoopaKing\AppData\Local\GitHubDesktop\bin;C:\Users\TheKoopaKing\Documents\Flutter\flutter_windows_2.2.3-stable\flutter\bin;C:\Program Files\JetBrains\IntelliJ IDEA 2021.3.1\bin;;search-ms:displayname=Search%20Results%20in%20WindowsApps&crumb=location:C%3A%5CProgram%20Files%5CWindowsApps\PythonSoftwareFoundation.Python.3.9_3.9.3568.0_x64__qbz5n2kfra8p0
USERNAME=TheKoopaKing
OS=Windows_NT
PROCESSOR_IDENTIFIER=Intel64 Family 6 Model 158 Stepping 10, GenuineIntel



---------------  S Y S T E M  ---------------

OS: Windows 10 , 64 bit Build 19041 (10.0.19041.1889)
OS uptime: 62 days 17:30 hours
Hyper-V role detected

CPU:total 6 (initial active 6) (6 cores per cpu, 1 threads per core) family 6 model 158 stepping 10 microcode 0xb4, cmov, cx8, fxsr, mmx, sse, sse2, sse3, ssse3, sse4.1, sse4.2, popcnt, avx, avx2, aes, clmul, erms, 3dnowpref, lzcnt, tsc, tscinvbit, bmi1, bmi2, adx, fma

Memory: 4k page, system-wide physical 8152M (260M free)
TotalPageFile size 32728M (AvailPageFile size 0M)
current process WorkingSet (physical memory assigned to process): 387M, peak: 499M
current process commit charge ("private bytes"): 646M, peak: 670M

vm_info: OpenJDK 64-Bit Server VM (11.0.11+9-b60-7590822) for windows-amd64 JRE (11.0.11+9-b60-7590822), built on Jul 29 2021 21:43:44 by "builder" with MS VC++ 14.0 (VS2015)

END.
